{
  "/Users/sheepzhao/WorkSpace/组件库/xiaoyang-ui-plus/src/Foo/index.tsx": {
    "path": "/Users/sheepzhao/WorkSpace/组件库/xiaoyang-ui-plus/src/Foo/index.tsx",
    "statementMap": {
      "0": {
        "start": { "line": 1, "column": 0 },
        "end": { "line": 1, "column": 39 }
      },
      "1": {
        "start": { "line": 3, "column": 35 },
        "end": { "line": 3, "column": 68 }
      },
      "2": {
        "start": { "line": 3, "column": 46 },
        "end": { "line": 3, "column": 68 }
      },
      "3": {
        "start": { "line": 5, "column": 0 },
        "end": { "line": 5, "column": 19 }
      }
    },
    "fnMap": {
      "0": {
        "name": "(anonymous_1)",
        "decl": {
          "start": { "line": 3, "column": 35 },
          "end": { "line": 3, "column": 36 }
        },
        "loc": {
          "start": { "line": 3, "column": 46 },
          "end": { "line": 3, "column": 68 }
        }
      }
    },
    "branchMap": {},
    "s": { "0": 0, "1": 0, "2": 0, "3": 0 },
    "f": { "0": 0 },
    "b": {}
  },
  "/Users/sheepzhao/WorkSpace/组件库/xiaoyang-ui-plus/src/button/button.tsx": {
    "path": "/Users/sheepzhao/WorkSpace/组件库/xiaoyang-ui-plus/src/button/button.tsx",
    "statementMap": {
      "0": {
        "start": { "line": 1, "column": 0 },
        "end": { "line": 1, "column": 36 }
      },
      "1": {
        "start": { "line": 2, "column": 0 },
        "end": { "line": 2, "column": 50 }
      },
      "2": {
        "start": { "line": 4, "column": 0 },
        "end": { "line": 4, "column": 22 }
      },
      "3": {
        "start": { "line": 16, "column": 32 },
        "end": { "line": 30, "column": 1 }
      },
      "4": {
        "start": { "line": 17, "column": 95 },
        "end": { "line": 17, "column": 100 }
      },
      "5": {
        "start": { "line": 17, "column": 90 },
        "end": { "line": 17, "column": 95 }
      },
      "6": {
        "start": { "line": 19, "column": 14 },
        "end": { "line": 24, "column": 4 }
      },
      "7": {
        "start": { "line": 25, "column": 2 },
        "end": { "line": 29, "column": 4 }
      },
      "8": {
        "start": { "line": 32, "column": 0 },
        "end": { "line": 32, "column": 22 }
      }
    },
    "fnMap": {
      "0": {
        "name": "(anonymous_2)",
        "decl": {
          "start": { "line": 16, "column": 32 },
          "end": { "line": 16, "column": 33 }
        },
        "loc": {
          "start": { "line": 16, "column": 42 },
          "end": { "line": 30, "column": 1 }
        }
      }
    },
    "branchMap": {
      "0": {
        "loc": {
          "start": { "line": 17, "column": 30 },
          "end": { "line": 17, "column": 45 }
        },
        "type": "default-arg",
        "locations": [
          {
            "start": { "line": 17, "column": 37 },
            "end": { "line": 17, "column": 45 }
          }
        ]
      }
    },
    "s": {
      "0": 1,
      "1": 1,
      "2": 1,
      "3": 1,
      "4": 10,
      "5": 10,
      "6": 10,
      "7": 10,
      "8": 1
    },
    "f": { "0": 10 },
    "b": { "0": [8] }
  },
  "/Users/sheepzhao/WorkSpace/组件库/xiaoyang-ui-plus/src/button/index.ts": {
    "path": "/Users/sheepzhao/WorkSpace/组件库/xiaoyang-ui-plus/src/button/index.ts",
    "statementMap": {
      "0": {
        "start": { "line": 1, "column": 0 },
        "end": { "line": 1, "column": 30 }
      },
      "1": {
        "start": { "line": 5, "column": 0 },
        "end": { "line": 5, "column": null }
      }
    },
    "fnMap": {},
    "branchMap": {},
    "s": { "0": 1, "1": 1 },
    "f": {},
    "b": {}
  },
  "/Users/sheepzhao/WorkSpace/组件库/xiaoyang-ui-plus/src/icon/icon.tsx": {
    "path": "/Users/sheepzhao/WorkSpace/组件库/xiaoyang-ui-plus/src/icon/icon.tsx",
    "statementMap": {
      "0": {
        "start": { "line": 1, "column": 0 },
        "end": { "line": 1, "column": 36 }
      },
      "1": {
        "start": { "line": 2, "column": 0 },
        "end": { "line": 2, "column": 64 }
      },
      "2": {
        "start": { "line": 4, "column": 0 },
        "end": { "line": 4, "column": 22 }
      },
      "3": {
        "start": { "line": 12, "column": 45 },
        "end": { "line": 14, "column": null }
      },
      "4": {
        "start": { "line": 17, "column": 28 },
        "end": { "line": 40, "column": 1 }
      },
      "5": {
        "start": { "line": 18, "column": 52 },
        "end": { "line": 18, "column": 57 }
      },
      "6": {
        "start": { "line": 18, "column": 47 },
        "end": { "line": 18, "column": 52 }
      },
      "7": {
        "start": { "line": 20, "column": 14 },
        "end": { "line": 23, "column": 4 }
      },
      "8": {
        "start": { "line": 25, "column": 37 },
        "end": { "line": 25, "column": 39 }
      },
      "9": {
        "start": { "line": 26, "column": 3 },
        "end": { "line": 26, "column": null }
      },
      "10": {
        "start": { "line": 27, "column": 3 },
        "end": { "line": 27, "column": null }
      },
      "11": {
        "start": { "line": 29, "column": 2 },
        "end": { "line": 36, "column": 3 }
      },
      "12": {
        "start": { "line": 30, "column": 16 },
        "end": { "line": 30, "column": 28 }
      },
      "13": {
        "start": { "line": 31, "column": 4 },
        "end": { "line": 35, "column": null }
      },
      "14": {
        "start": { "line": 39, "column": 2 },
        "end": { "line": 39, "column": 14 }
      },
      "15": {
        "start": { "line": 42, "column": 0 },
        "end": { "line": 42, "column": 20 }
      }
    },
    "fnMap": {
      "0": {
        "name": "(anonymous_2)",
        "decl": {
          "start": { "line": 17, "column": 28 },
          "end": { "line": 17, "column": 29 }
        },
        "loc": {
          "start": { "line": 17, "column": 38 },
          "end": { "line": 40, "column": 1 }
        }
      }
    },
    "branchMap": {
      "0": {
        "loc": {
          "start": { "line": 18, "column": 21 },
          "end": { "line": 18, "column": 30 }
        },
        "type": "default-arg",
        "locations": [
          {
            "start": { "line": 18, "column": 28 },
            "end": { "line": 18, "column": 30 }
          }
        ]
      },
      "1": {
        "loc": {
          "start": { "line": 29, "column": 2 },
          "end": { "line": 36, "column": 3 }
        },
        "type": "if",
        "locations": [
          {
            "start": { "line": 29, "column": 2 },
            "end": { "line": 36, "column": 3 }
          }
        ]
      }
    },
    "s": {
      "0": 1,
      "1": 1,
      "2": 1,
      "3": 1,
      "4": 1,
      "5": 3,
      "6": 3,
      "7": 3,
      "8": 3,
      "9": 3,
      "10": 3,
      "11": 3,
      "12": 3,
      "13": 3,
      "14": 0,
      "15": 1
    },
    "f": { "0": 3 },
    "b": { "0": [3], "1": [3] }
  },
  "/Users/sheepzhao/WorkSpace/组件库/xiaoyang-ui-plus/src/icon/index.ts": {
    "path": "/Users/sheepzhao/WorkSpace/组件库/xiaoyang-ui-plus/src/icon/index.ts",
    "statementMap": {
      "0": {
        "start": { "line": 1, "column": 0 },
        "end": { "line": 1, "column": 26 }
      },
      "1": {
        "start": { "line": 5, "column": 0 },
        "end": { "line": 5, "column": null }
      }
    },
    "fnMap": {},
    "branchMap": {},
    "s": { "0": 1, "1": 1 },
    "f": {},
    "b": {}
  },
  "/Users/sheepzhao/WorkSpace/组件库/xiaoyang-ui-plus/src/theme/index.ts": {
    "path": "/Users/sheepzhao/WorkSpace/组件库/xiaoyang-ui-plus/src/theme/index.ts",
    "statementMap": {
      "0": {
        "start": { "line": 1, "column": 0 },
        "end": { "line": 1, "column": 39 }
      },
      "1": {
        "start": { "line": 2, "column": 0 },
        "end": { "line": 2, "column": 45 }
      },
      "2": {
        "start": { "line": 6, "column": 27 },
        "end": { "line": 21, "column": 1 }
      },
      "3": {
        "start": { "line": 8, "column": 2 },
        "end": { "line": 15, "column": 3 }
      },
      "4": {
        "start": { "line": 10, "column": 6 },
        "end": { "line": 10, "column": 31 }
      },
      "5": {
        "start": { "line": 11, "column": 6 },
        "end": { "line": 11, "column": 12 }
      },
      "6": {
        "start": { "line": 13, "column": 6 },
        "end": { "line": 13, "column": 28 }
      },
      "7": {
        "start": { "line": 14, "column": 6 },
        "end": { "line": 14, "column": 12 }
      },
      "8": {
        "start": { "line": 17, "column": 15 },
        "end": { "line": 19, "column": 14 }
      },
      "9": {
        "start": { "line": 18, "column": 26 },
        "end": { "line": 18, "column": 53 }
      },
      "10": {
        "start": { "line": 20, "column": 2 },
        "end": { "line": 20, "column": 55 }
      },
      "11": {
        "start": { "line": 6, "column": 13 },
        "end": { "line": 6, "column": 27 }
      }
    },
    "fnMap": {
      "0": {
        "name": "(anonymous_1)",
        "decl": {
          "start": { "line": 6, "column": 27 },
          "end": { "line": 6, "column": 28 }
        },
        "loc": {
          "start": { "line": 6, "column": 43 },
          "end": { "line": 21, "column": 1 }
        }
      },
      "1": {
        "name": "(anonymous_2)",
        "decl": {
          "start": { "line": 18, "column": 9 },
          "end": { "line": 18, "column": 10 }
        },
        "loc": {
          "start": { "line": 18, "column": 26 },
          "end": { "line": 18, "column": 53 }
        }
      }
    },
    "branchMap": {
      "0": {
        "loc": {
          "start": { "line": 8, "column": 2 },
          "end": { "line": 15, "column": 3 }
        },
        "type": "switch",
        "locations": [
          {
            "start": { "line": 9, "column": 4 },
            "end": { "line": 11, "column": 12 }
          },
          {
            "start": { "line": 12, "column": 4 },
            "end": { "line": 14, "column": 12 }
          }
        ]
      }
    },
    "s": {
      "0": 0,
      "1": 0,
      "2": 0,
      "3": 0,
      "4": 0,
      "5": 0,
      "6": 0,
      "7": 0,
      "8": 0,
      "9": 0,
      "10": 0,
      "11": 0
    },
    "f": { "0": 0, "1": 0 },
    "b": { "0": [0, 0] }
  },
  "/Users/sheepzhao/WorkSpace/组件库/xiaoyang-ui-plus/src/theme/themes/dark/colors.ts": {
    "path": "/Users/sheepzhao/WorkSpace/组件库/xiaoyang-ui-plus/src/theme/themes/dark/colors.ts",
    "statementMap": {
      "0": {
        "start": { "line": 1, "column": 14 },
        "end": { "line": 3, "column": null }
      }
    },
    "fnMap": {},
    "branchMap": {},
    "s": { "0": 0 },
    "f": {},
    "b": {}
  },
  "/Users/sheepzhao/WorkSpace/组件库/xiaoyang-ui-plus/src/theme/themes/dark/index.ts": {
    "path": "/Users/sheepzhao/WorkSpace/组件库/xiaoyang-ui-plus/src/theme/themes/dark/index.ts",
    "statementMap": {
      "0": {
        "start": { "line": 1, "column": 0 },
        "end": { "line": 1, "column": 57 }
      },
      "1": {
        "start": { "line": 4, "column": 0 },
        "end": { "line": 4, "column": null }
      }
    },
    "fnMap": {},
    "branchMap": {},
    "s": { "0": 0, "1": 0 },
    "f": {},
    "b": {}
  },
  "/Users/sheepzhao/WorkSpace/组件库/xiaoyang-ui-plus/src/theme/themes/default/colors.ts": {
    "path": "/Users/sheepzhao/WorkSpace/组件库/xiaoyang-ui-plus/src/theme/themes/default/colors.ts",
    "statementMap": {
      "0": {
        "start": { "line": 1, "column": 14 },
        "end": { "line": 7, "column": null }
      }
    },
    "fnMap": {},
    "branchMap": {},
    "s": { "0": 0 },
    "f": {},
    "b": {}
  },
  "/Users/sheepzhao/WorkSpace/组件库/xiaoyang-ui-plus/src/theme/themes/default/index.ts": {
    "path": "/Users/sheepzhao/WorkSpace/组件库/xiaoyang-ui-plus/src/theme/themes/default/index.ts",
    "statementMap": {
      "0": {
        "start": { "line": 1, "column": 0 },
        "end": { "line": 1, "column": 56 }
      },
      "1": {
        "start": { "line": 3, "column": 0 },
        "end": { "line": 3, "column": null }
      }
    },
    "fnMap": {},
    "branchMap": {},
    "s": { "0": 0, "1": 0 },
    "f": {},
    "b": {}
  }
}
