{
  "/Users/sheepzhao/WorkSpace/组件库/xiaoyang-ui-plus/src/Foo/index.tsx": {
    "path": "/Users/sheepzhao/WorkSpace/组件库/xiaoyang-ui-plus/src/Foo/index.tsx",
    "statementMap": {
      "0": {
        "start": { "line": 1, "column": 0 },
        "end": { "line": 1, "column": 39 }
      },
      "1": {
        "start": { "line": 14, "column": 5 },
        "end": { "line": 14, "column": 38 }
      },
      "2": {
        "start": { "line": 14, "column": 16 },
        "end": { "line": 14, "column": 38 }
      },
      "3": {
        "start": { "line": 16, "column": 0 },
        "end": { "line": 16, "column": 19 }
      }
    },
    "fnMap": {
      "0": {
        "name": "(anonymous_1)",
        "decl": {
          "start": { "line": 14, "column": 5 },
          "end": { "line": 14, "column": 6 }
        },
        "loc": {
          "start": { "line": 14, "column": 16 },
          "end": { "line": 14, "column": 38 }
        }
      }
    },
    "branchMap": {},
    "s": { "0": 0, "1": 0, "2": 0, "3": 0 },
    "f": { "0": 0 },
    "b": {}
  },
  "/Users/sheepzhao/WorkSpace/组件库/xiaoyang-ui-plus/src/avatar/avatar.tsx": {
    "path": "/Users/sheepzhao/WorkSpace/组件库/xiaoyang-ui-plus/src/avatar/avatar.tsx",
    "statementMap": {
      "0": {
        "start": { "line": 1, "column": 0 },
        "end": { "line": 1, "column": 36 }
      },
      "1": {
        "start": { "line": 2, "column": 0 },
        "end": { "line": 2, "column": null }
      },
      "2": {
        "start": { "line": 11, "column": 0 },
        "end": { "line": 11, "column": 54 }
      },
      "3": {
        "start": { "line": 13, "column": 0 },
        "end": { "line": 13, "column": 22 }
      },
      "4": {
        "start": { "line": 61, "column": 32 },
        "end": { "line": 148, "column": 1 }
      },
      "5": {
        "start": { "line": 71, "column": 6 },
        "end": { "line": 71, "column": 11 }
      },
      "6": {
        "start": { "line": 70, "column": 13 },
        "end": { "line": 71, "column": 6 }
      },
      "7": {
        "start": { "line": 73, "column": 28 },
        "end": { "line": 73, "column": 39 }
      },
      "8": {
        "start": { "line": 75, "column": 21 },
        "end": { "line": 75, "column": 50 }
      },
      "9": {
        "start": { "line": 76, "column": 18 },
        "end": { "line": 76, "column": 47 }
      },
      "10": {
        "start": { "line": 78, "column": 2 },
        "end": { "line": 102, "column": null }
      },
      "11": {
        "start": { "line": 81, "column": 21 },
        "end": { "line": 81, "column": 36 }
      },
      "12": {
        "start": { "line": 82, "column": 4 },
        "end": { "line": 82, "column": 24 }
      },
      "13": {
        "start": { "line": 82, "column": 18 },
        "end": { "line": 82, "column": 24 }
      },
      "14": {
        "start": { "line": 85, "column": 21 },
        "end": { "line": 98, "column": 5 }
      },
      "15": {
        "start": { "line": 86, "column": 26 },
        "end": { "line": 86, "column": 44 }
      },
      "16": {
        "start": { "line": 88, "column": 6 },
        "end": { "line": 88, "column": 31 }
      },
      "17": {
        "start": { "line": 88, "column": 24 },
        "end": { "line": 88, "column": 31 }
      },
      "18": {
        "start": { "line": 90, "column": 27 },
        "end": { "line": 90, "column": 50 }
      },
      "19": {
        "start": { "line": 91, "column": 24 },
        "end": { "line": 91, "column": 44 }
      },
      "20": {
        "start": { "line": 94, "column": 8 },
        "end": { "line": 96, "column": 13 }
      },
      "21": {
        "start": { "line": 97, "column": 6 },
        "end": { "line": 97, "column": 22 }
      },
      "22": {
        "start": { "line": 100, "column": 15 },
        "end": { "line": 100, "column": 43 }
      },
      "23": {
        "start": { "line": 101, "column": 4 },
        "end": { "line": 101, "column": null }
      },
      "24": {
        "start": { "line": 105, "column": 14 },
        "end": { "line": 112, "column": 4 }
      },
      "25": {
        "start": { "line": 115, "column": 4 },
        "end": { "line": 122, "column": 25 }
      },
      "26": {
        "start": { "line": 124, "column": 35 },
        "end": { "line": 127, "column": 4 }
      },
      "27": {
        "start": { "line": 129, "column": 2 },
        "end": { "line": 147, "column": 4 }
      },
      "28": {
        "start": { "line": 150, "column": 0 },
        "end": { "line": 150, "column": 22 }
      }
    },
    "fnMap": {
      "0": {
        "name": "(anonymous_8)",
        "decl": {
          "start": { "line": 61, "column": 32 },
          "end": { "line": 61, "column": 33 }
        },
        "loc": {
          "start": { "line": 61, "column": 42 },
          "end": { "line": 148, "column": 1 }
        }
      },
      "1": {
        "name": "(anonymous_9)",
        "decl": {
          "start": { "line": 78, "column": 12 },
          "end": { "line": 78, "column": 15 }
        },
        "loc": {
          "start": { "line": 78, "column": 17 },
          "end": { "line": 102, "column": 3 }
        }
      },
      "2": {
        "name": "(anonymous_10)",
        "decl": {
          "start": { "line": 85, "column": 21 },
          "end": { "line": 85, "column": 24 }
        },
        "loc": {
          "start": { "line": 85, "column": 26 },
          "end": { "line": 98, "column": 5 }
        }
      }
    },
    "branchMap": {
      "0": {
        "loc": {
          "start": { "line": 64, "column": 4 },
          "end": { "line": 64, "column": 19 }
        },
        "type": "default-arg",
        "locations": [
          {
            "start": { "line": 64, "column": 11 },
            "end": { "line": 64, "column": 19 }
          }
        ]
      },
      "1": {
        "loc": {
          "start": { "line": 66, "column": 4 },
          "end": { "line": 66, "column": 11 }
        },
        "type": "default-arg",
        "locations": [
          {
            "start": { "line": 66, "column": 10 },
            "end": { "line": 66, "column": 11 }
          }
        ]
      },
      "2": {
        "loc": {
          "start": { "line": 82, "column": 4 },
          "end": { "line": 82, "column": 24 }
        },
        "type": "if",
        "locations": [
          {
            "start": { "line": 82, "column": 4 },
            "end": { "line": 82, "column": 24 }
          }
        ]
      },
      "3": {
        "loc": {
          "start": { "line": 88, "column": 6 },
          "end": { "line": 88, "column": 31 }
        },
        "type": "if",
        "locations": [
          {
            "start": { "line": 88, "column": 6 },
            "end": { "line": 88, "column": 31 }
          }
        ]
      },
      "4": {
        "loc": {
          "start": { "line": 94, "column": 8 },
          "end": { "line": 96, "column": 13 }
        },
        "type": "cond-expr",
        "locations": [
          {
            "start": { "line": 95, "column": 12 },
            "end": { "line": 95, "column": 48 }
          },
          {
            "start": { "line": 96, "column": 12 },
            "end": { "line": 96, "column": 13 }
          }
        ]
      },
      "5": {
        "loc": {
          "start": { "line": 115, "column": 4 },
          "end": { "line": 122, "column": 25 }
        },
        "type": "cond-expr",
        "locations": [
          {
            "start": { "line": 116, "column": 8 },
            "end": { "line": 121, "column": null }
          },
          {
            "start": { "line": 122, "column": 8 },
            "end": { "line": 122, "column": 25 }
          }
        ]
      },
      "6": {
        "loc": {
          "start": { "line": 122, "column": 8 },
          "end": { "line": 122, "column": 25 }
        },
        "type": "binary-expr",
        "locations": [
          {
            "start": { "line": 122, "column": 8 },
            "end": { "line": 122, "column": 19 }
          },
          {
            "start": { "line": 122, "column": 23 },
            "end": { "line": 122, "column": 25 }
          }
        ]
      },
      "7": {
        "loc": {
          "start": { "line": 131, "column": 7 },
          "end": { "line": 131, "column": 25 }
        },
        "type": "cond-expr",
        "locations": [
          {
            "start": { "line": 131, "column": 14 },
            "end": { "line": 131, "column": 18 }
          },
          {
            "start": { "line": 131, "column": 21 },
            "end": { "line": 131, "column": 25 }
          }
        ]
      },
      "8": {
        "loc": {
          "start": { "line": 132, "column": 7 },
          "end": { "line": 132, "column": 69 }
        },
        "type": "cond-expr",
        "locations": [
          {
            "start": { "line": 132, "column": 13 },
            "end": { "line": 132, "column": 62 }
          },
          {
            "start": { "line": 132, "column": 65 },
            "end": { "line": 132, "column": 69 }
          }
        ]
      },
      "9": {
        "loc": {
          "start": { "line": 132, "column": 13 },
          "end": { "line": 132, "column": 62 }
        },
        "type": "cond-expr",
        "locations": [
          {
            "start": { "line": 132, "column": 39 },
            "end": { "line": 132, "column": 56 }
          },
          {
            "start": { "line": 132, "column": 59 },
            "end": { "line": 132, "column": 62 }
          }
        ]
      },
      "10": {
        "loc": {
          "start": { "line": 133, "column": 7 },
          "end": { "line": 145, "column": 14 }
        },
        "type": "cond-expr",
        "locations": [
          {
            "start": { "line": 134, "column": 8 },
            "end": { "line": 143, "column": null }
          },
          {
            "start": { "line": 145, "column": 10 },
            "end": { "line": 145, "column": 14 }
          }
        ]
      },
      "11": {
        "loc": {
          "start": { "line": 134, "column": 8 },
          "end": { "line": 143, "column": null }
        },
        "type": "cond-expr",
        "locations": [
          {
            "start": { "line": 135, "column": 10 },
            "end": { "line": 140, "column": null }
          },
          {
            "start": { "line": 143, "column": 10 },
            "end": { "line": 143, "column": 18 }
          }
        ]
      }
    },
    "s": {
      "0": 1,
      "1": 1,
      "2": 1,
      "3": 1,
      "4": 1,
      "5": 4,
      "6": 4,
      "7": 4,
      "8": 4,
      "9": 4,
      "10": 4,
      "11": 4,
      "12": 4,
      "13": 3,
      "14": 1,
      "15": 0,
      "16": 0,
      "17": 0,
      "18": 0,
      "19": 0,
      "20": 0,
      "21": 0,
      "22": 1,
      "23": 1,
      "24": 4,
      "25": 4,
      "26": 4,
      "27": 4,
      "28": 1
    },
    "f": { "0": 4, "1": 4, "2": 0 },
    "b": {
      "0": [2],
      "1": [4],
      "2": [3],
      "3": [0],
      "4": [0, 0],
      "5": [0, 4],
      "6": [4, 4],
      "7": [0, 4],
      "8": [0, 4],
      "9": [0, 0],
      "10": [1, 3],
      "11": [1, 0]
    }
  },
  "/Users/sheepzhao/WorkSpace/组件库/xiaoyang-ui-plus/src/avatar/index.ts": {
    "path": "/Users/sheepzhao/WorkSpace/组件库/xiaoyang-ui-plus/src/avatar/index.ts",
    "statementMap": {
      "0": {
        "start": { "line": 3, "column": 0 },
        "end": { "line": 3, "column": 9 }
      },
      "1": {
        "start": { "line": 3, "column": 9 },
        "end": { "line": 3, "column": 26 }
      }
    },
    "fnMap": {
      "0": {
        "name": "(anonymous_1)",
        "decl": {
          "start": { "line": 3, "column": 9 },
          "end": { "line": 3, "column": 16 }
        },
        "loc": {
          "start": { "line": 3, "column": 9 },
          "end": { "line": 3, "column": 26 }
        }
      }
    },
    "branchMap": {},
    "s": { "0": 1, "1": 5 },
    "f": { "0": 4 },
    "b": {}
  },
  "/Users/sheepzhao/WorkSpace/组件库/xiaoyang-ui-plus/src/button/button.tsx": {
    "path": "/Users/sheepzhao/WorkSpace/组件库/xiaoyang-ui-plus/src/button/button.tsx",
    "statementMap": {
      "0": {
        "start": { "line": 1, "column": 0 },
        "end": { "line": 1, "column": 36 }
      },
      "1": {
        "start": { "line": 2, "column": 0 },
        "end": { "line": 2, "column": 58 }
      },
      "2": {
        "start": { "line": 5, "column": 0 },
        "end": { "line": 5, "column": 22 }
      },
      "3": {
        "start": { "line": 80, "column": 32 },
        "end": { "line": 164, "column": 1 }
      },
      "4": {
        "start": { "line": 96, "column": 6 },
        "end": { "line": 96, "column": 11 }
      },
      "5": {
        "start": { "line": 95, "column": 13 },
        "end": { "line": 96, "column": 6 }
      },
      "6": {
        "start": { "line": 98, "column": 14 },
        "end": { "line": 109, "column": 4 }
      },
      "7": {
        "start": { "line": 111, "column": 26 },
        "end": { "line": 114, "column": 8 }
      },
      "8": {
        "start": { "line": 112, "column": 4 },
        "end": { "line": 112, "column": 27 }
      },
      "9": {
        "start": { "line": 113, "column": 4 },
        "end": { "line": 113, "column": 32 }
      },
      "10": {
        "start": { "line": 116, "column": 20 },
        "end": { "line": 116, "column": 46 }
      },
      "11": {
        "start": { "line": 117, "column": 18 },
        "end": { "line": 117, "column": 42 }
      },
      "12": {
        "start": { "line": 119, "column": 19 },
        "end": { "line": 128, "column": 3 }
      },
      "13": {
        "start": { "line": 120, "column": 4 },
        "end": { "line": 127, "column": 5 }
      },
      "14": {
        "start": { "line": 122, "column": 8 },
        "end": { "line": 122, "column": 24 }
      },
      "15": {
        "start": { "line": 124, "column": 8 },
        "end": { "line": 124, "column": 24 }
      },
      "16": {
        "start": { "line": 126, "column": 8 },
        "end": { "line": 126, "column": 24 }
      },
      "17": {
        "start": { "line": 130, "column": 20 },
        "end": { "line": 137, "column": 3 }
      },
      "18": {
        "start": { "line": 131, "column": 4 },
        "end": { "line": 136, "column": 5 }
      },
      "19": {
        "start": { "line": 133, "column": 8 },
        "end": { "line": 133, "column": 37 }
      },
      "20": {
        "start": { "line": 135, "column": 8 },
        "end": { "line": 135, "column": 72 }
      },
      "21": {
        "start": { "line": 139, "column": 2 },
        "end": { "line": 163, "column": 4 }
      },
      "22": {
        "start": { "line": 166, "column": 0 },
        "end": { "line": 166, "column": 22 }
      }
    },
    "fnMap": {
      "0": {
        "name": "(anonymous_8)",
        "decl": {
          "start": { "line": 80, "column": 32 },
          "end": { "line": 80, "column": 33 }
        },
        "loc": {
          "start": { "line": 80, "column": 42 },
          "end": { "line": 164, "column": 1 }
        }
      },
      "1": {
        "name": "(anonymous_9)",
        "decl": {
          "start": { "line": 111, "column": 38 },
          "end": { "line": 111, "column": 41 }
        },
        "loc": {
          "start": { "line": 111, "column": 43 },
          "end": { "line": 114, "column": 3 }
        }
      },
      "2": {
        "name": "(anonymous_10)",
        "decl": {
          "start": { "line": 119, "column": 19 },
          "end": { "line": 119, "column": 22 }
        },
        "loc": {
          "start": { "line": 119, "column": 24 },
          "end": { "line": 128, "column": 3 }
        }
      },
      "3": {
        "name": "(anonymous_11)",
        "decl": {
          "start": { "line": 130, "column": 20 },
          "end": { "line": 130, "column": 23 }
        },
        "loc": {
          "start": { "line": 130, "column": 25 },
          "end": { "line": 137, "column": 3 }
        }
      }
    },
    "branchMap": {
      "0": {
        "loc": {
          "start": { "line": 83, "column": 4 },
          "end": { "line": 83, "column": 20 }
        },
        "type": "default-arg",
        "locations": [
          {
            "start": { "line": 83, "column": 14 },
            "end": { "line": 83, "column": 20 }
          }
        ]
      },
      "1": {
        "loc": {
          "start": { "line": 84, "column": 4 },
          "end": { "line": 84, "column": 19 }
        },
        "type": "default-arg",
        "locations": [
          {
            "start": { "line": 84, "column": 11 },
            "end": { "line": 84, "column": 19 }
          }
        ]
      },
      "2": {
        "loc": {
          "start": { "line": 85, "column": 4 },
          "end": { "line": 85, "column": 21 }
        },
        "type": "default-arg",
        "locations": [
          {
            "start": { "line": 85, "column": 12 },
            "end": { "line": 85, "column": 21 }
          }
        ]
      },
      "3": {
        "loc": {
          "start": { "line": 86, "column": 4 },
          "end": { "line": 86, "column": 20 }
        },
        "type": "default-arg",
        "locations": [
          {
            "start": { "line": 86, "column": 15 },
            "end": { "line": 86, "column": 20 }
          }
        ]
      },
      "4": {
        "loc": {
          "start": { "line": 87, "column": 4 },
          "end": { "line": 87, "column": 13 }
        },
        "type": "default-arg",
        "locations": [
          {
            "start": { "line": 87, "column": 11 },
            "end": { "line": 87, "column": 13 }
          }
        ]
      },
      "5": {
        "loc": {
          "start": { "line": 88, "column": 4 },
          "end": { "line": 88, "column": 28 }
        },
        "type": "default-arg",
        "locations": [
          {
            "start": { "line": 88, "column": 23 },
            "end": { "line": 88, "column": 28 }
          }
        ]
      },
      "6": {
        "loc": {
          "start": { "line": 120, "column": 4 },
          "end": { "line": 127, "column": 5 }
        },
        "type": "switch",
        "locations": [
          {
            "start": { "line": 121, "column": 6 },
            "end": { "line": 122, "column": 24 }
          },
          {
            "start": { "line": 123, "column": 6 },
            "end": { "line": 124, "column": 24 }
          },
          {
            "start": { "line": 125, "column": 6 },
            "end": { "line": 126, "column": 24 }
          }
        ]
      },
      "7": {
        "loc": {
          "start": { "line": 131, "column": 4 },
          "end": { "line": 136, "column": 5 }
        },
        "type": "switch",
        "locations": [
          {
            "start": { "line": 132, "column": 6 },
            "end": { "line": 133, "column": 37 }
          },
          {
            "start": { "line": 134, "column": 6 },
            "end": { "line": 135, "column": 72 }
          }
        ]
      },
      "8": {
        "loc": {
          "start": { "line": 135, "column": 15 },
          "end": { "line": 135, "column": 71 }
        },
        "type": "cond-expr",
        "locations": [
          {
            "start": { "line": 135, "column": 26 },
            "end": { "line": 135, "column": 47 }
          },
          {
            "start": { "line": 135, "column": 50 },
            "end": { "line": 135, "column": 71 }
          }
        ]
      },
      "9": {
        "loc": {
          "start": { "line": 143, "column": 15 },
          "end": { "line": 143, "column": 47 }
        },
        "type": "cond-expr",
        "locations": [
          {
            "start": { "line": 143, "column": 22 },
            "end": { "line": 143, "column": 37 }
          },
          {
            "start": { "line": 143, "column": 40 },
            "end": { "line": 143, "column": 47 }
          }
        ]
      },
      "10": {
        "loc": {
          "start": { "line": 147, "column": 7 },
          "end": { "line": 152, "column": null }
        },
        "type": "binary-expr",
        "locations": [
          {
            "start": { "line": 147, "column": 7 },
            "end": { "line": 147, "column": 16 }
          },
          {
            "start": { "line": 148, "column": 8 },
            "end": { "line": 151, "column": null }
          }
        ]
      },
      "11": {
        "loc": {
          "start": { "line": 155, "column": 7 },
          "end": { "line": 160, "column": null }
        },
        "type": "binary-expr",
        "locations": [
          {
            "start": { "line": 155, "column": 7 },
            "end": { "line": 155, "column": 14 }
          },
          {
            "start": { "line": 156, "column": 8 },
            "end": { "line": 159, "column": null }
          }
        ]
      }
    },
    "s": {
      "0": 0,
      "1": 0,
      "2": 0,
      "3": 0,
      "4": 0,
      "5": 0,
      "6": 0,
      "7": 0,
      "8": 0,
      "9": 0,
      "10": 0,
      "11": 0,
      "12": 0,
      "13": 0,
      "14": 0,
      "15": 0,
      "16": 0,
      "17": 0,
      "18": 0,
      "19": 0,
      "20": 0,
      "21": 0,
      "22": 0
    },
    "f": { "0": 0, "1": 0, "2": 0, "3": 0 },
    "b": {
      "0": [0],
      "1": [0],
      "2": [0],
      "3": [0],
      "4": [0],
      "5": [0],
      "6": [0, 0, 0],
      "7": [0, 0],
      "8": [0, 0],
      "9": [0, 0],
      "10": [0, 0],
      "11": [0, 0]
    }
  },
  "/Users/sheepzhao/WorkSpace/组件库/xiaoyang-ui-plus/src/button/index.ts": {
    "path": "/Users/sheepzhao/WorkSpace/组件库/xiaoyang-ui-plus/src/button/index.ts",
    "statementMap": {
      "0": {
        "start": { "line": 1, "column": 0 },
        "end": { "line": 1, "column": 9 }
      },
      "1": {
        "start": { "line": 1, "column": 9 },
        "end": { "line": 1, "column": 26 }
      }
    },
    "fnMap": {
      "0": {
        "name": "(anonymous_1)",
        "decl": {
          "start": { "line": 1, "column": 9 },
          "end": { "line": 1, "column": 16 }
        },
        "loc": {
          "start": { "line": 1, "column": 9 },
          "end": { "line": 1, "column": 26 }
        }
      }
    },
    "branchMap": {},
    "s": { "0": 0, "1": 0 },
    "f": { "0": 0 },
    "b": {}
  },
  "/Users/sheepzhao/WorkSpace/组件库/xiaoyang-ui-plus/src/checkbox/checkbox.tsx": {
    "path": "/Users/sheepzhao/WorkSpace/组件库/xiaoyang-ui-plus/src/checkbox/checkbox.tsx",
    "statementMap": {
      "0": {
        "start": { "line": 1, "column": 0 },
        "end": { "line": 1, "column": 36 }
      },
      "1": {
        "start": { "line": 2, "column": 0 },
        "end": { "line": 2, "column": null }
      },
      "2": {
        "start": { "line": 10, "column": 0 },
        "end": { "line": 10, "column": 40 }
      },
      "3": {
        "start": { "line": 12, "column": 0 },
        "end": { "line": 12, "column": 22 }
      },
      "4": {
        "start": { "line": 75, "column": 36 },
        "end": { "line": 151, "column": 1 }
      },
      "5": {
        "start": { "line": 76, "column": 59 },
        "end": { "line": 76, "column": 64 }
      },
      "6": {
        "start": { "line": 78, "column": 32 },
        "end": { "line": 78, "column": 71 }
      },
      "7": {
        "start": { "line": 80, "column": 18 },
        "end": { "line": 80, "column": 30 }
      },
      "8": {
        "start": { "line": 85, "column": 6 },
        "end": { "line": 85, "column": 33 }
      },
      "9": {
        "start": { "line": 87, "column": 2 },
        "end": { "line": 91, "column": 22 }
      },
      "10": {
        "start": { "line": 88, "column": 4 },
        "end": { "line": 90, "column": 5 }
      },
      "11": {
        "start": { "line": 89, "column": 6 },
        "end": { "line": 89, "column": 41 }
      },
      "12": {
        "start": { "line": 93, "column": 2 },
        "end": { "line": 97, "column": 15 }
      },
      "13": {
        "start": { "line": 94, "column": 4 },
        "end": { "line": 96, "column": 5 }
      },
      "14": {
        "start": { "line": 95, "column": 6 },
        "end": { "line": 95, "column": 52 }
      },
      "15": {
        "start": { "line": 99, "column": 22 },
        "end": { "line": 120, "column": 3 }
      },
      "16": {
        "start": { "line": 100, "column": 4 },
        "end": { "line": 102, "column": 5 }
      },
      "17": {
        "start": { "line": 101, "column": 6 },
        "end": { "line": 101, "column": 13 }
      },
      "18": {
        "start": { "line": 104, "column": 18 },
        "end": { "line": 104, "column": 26 }
      },
      "19": {
        "start": { "line": 105, "column": 4 },
        "end": { "line": 107, "column": 5 }
      },
      "20": {
        "start": { "line": 106, "column": 6 },
        "end": { "line": 106, "column": 24 }
      },
      "21": {
        "start": { "line": 109, "column": 4 },
        "end": { "line": 113, "column": 5 }
      },
      "22": {
        "start": { "line": 110, "column": 6 },
        "end": { "line": 110, "column": 33 }
      },
      "23": {
        "start": { "line": 111, "column": 6 },
        "end": { "line": 111, "column": 31 }
      },
      "24": {
        "start": { "line": 112, "column": 6 },
        "end": { "line": 112, "column": 18 }
      },
      "25": {
        "start": { "line": 115, "column": 4 },
        "end": { "line": 119, "column": 5 }
      },
      "26": {
        "start": { "line": 116, "column": 6 },
        "end": { "line": 116, "column": 33 }
      },
      "27": {
        "start": { "line": 117, "column": 6 },
        "end": { "line": 117, "column": 31 }
      },
      "28": {
        "start": { "line": 118, "column": 6 },
        "end": { "line": 118, "column": 19 }
      },
      "29": {
        "start": { "line": 122, "column": 23 },
        "end": { "line": 122, "column": 31 }
      },
      "30": {
        "start": { "line": 124, "column": 14 },
        "end": { "line": 128, "column": 4 }
      },
      "31": {
        "start": { "line": 130, "column": 21 },
        "end": { "line": 133, "column": 4 }
      },
      "32": {
        "start": { "line": 135, "column": 2 },
        "end": { "line": 150, "column": 4 }
      },
      "33": {
        "start": { "line": 153, "column": 0 },
        "end": { "line": 153, "column": 24 }
      }
    },
    "fnMap": {
      "0": {
        "name": "(anonymous_7)",
        "decl": {
          "start": { "line": 75, "column": 36 },
          "end": { "line": 75, "column": 37 }
        },
        "loc": {
          "start": { "line": 75, "column": 46 },
          "end": { "line": 151, "column": 1 }
        }
      },
      "1": {
        "name": "(anonymous_8)",
        "decl": {
          "start": { "line": 87, "column": 12 },
          "end": { "line": 87, "column": 15 }
        },
        "loc": {
          "start": { "line": 87, "column": 17 },
          "end": { "line": 91, "column": 3 }
        }
      },
      "2": {
        "name": "(anonymous_9)",
        "decl": {
          "start": { "line": 93, "column": 12 },
          "end": { "line": 93, "column": 15 }
        },
        "loc": {
          "start": { "line": 93, "column": 17 },
          "end": { "line": 97, "column": 3 }
        }
      },
      "3": {
        "name": "(anonymous_10)",
        "decl": {
          "start": { "line": 99, "column": 22 },
          "end": { "line": 99, "column": 23 }
        },
        "loc": {
          "start": { "line": 99, "column": 33 },
          "end": { "line": 120, "column": 3 }
        }
      },
      "4": {
        "name": "(anonymous_11)",
        "decl": {
          "start": { "line": 122, "column": 23 },
          "end": { "line": 122, "column": 26 }
        },
        "loc": {
          "start": { "line": 122, "column": 28 },
          "end": { "line": 122, "column": 31 }
        }
      }
    },
    "branchMap": {
      "0": {
        "loc": {
          "start": { "line": 76, "column": 10 },
          "end": { "line": 76, "column": 27 }
        },
        "type": "default-arg",
        "locations": [
          {
            "start": { "line": 76, "column": 22 },
            "end": { "line": 76, "column": 27 }
          }
        ]
      },
      "1": {
        "loc": {
          "start": { "line": 78, "column": 41 },
          "end": { "line": 78, "column": 70 }
        },
        "type": "binary-expr",
        "locations": [
          {
            "start": { "line": 78, "column": 41 },
            "end": { "line": 78, "column": 61 }
          },
          {
            "start": { "line": 78, "column": 65 },
            "end": { "line": 78, "column": 70 }
          }
        ]
      },
      "2": {
        "loc": {
          "start": { "line": 88, "column": 4 },
          "end": { "line": 90, "column": 5 }
        },
        "type": "if",
        "locations": [
          {
            "start": { "line": 88, "column": 4 },
            "end": { "line": 90, "column": 5 }
          }
        ]
      },
      "3": {
        "loc": {
          "start": { "line": 89, "column": 17 },
          "end": { "line": 89, "column": 39 }
        },
        "type": "binary-expr",
        "locations": [
          {
            "start": { "line": 89, "column": 17 },
            "end": { "line": 89, "column": 30 }
          },
          {
            "start": { "line": 89, "column": 34 },
            "end": { "line": 89, "column": 39 }
          }
        ]
      },
      "4": {
        "loc": {
          "start": { "line": 94, "column": 4 },
          "end": { "line": 96, "column": 5 }
        },
        "type": "if",
        "locations": [
          {
            "start": { "line": 94, "column": 4 },
            "end": { "line": 96, "column": 5 }
          }
        ]
      },
      "5": {
        "loc": {
          "start": { "line": 94, "column": 8 },
          "end": { "line": 94, "column": 34 }
        },
        "type": "binary-expr",
        "locations": [
          {
            "start": { "line": 94, "column": 8 },
            "end": { "line": 94, "column": 14 }
          },
          {
            "start": { "line": 94, "column": 18 },
            "end": { "line": 94, "column": 34 }
          }
        ]
      },
      "6": {
        "loc": {
          "start": { "line": 100, "column": 4 },
          "end": { "line": 102, "column": 5 }
        },
        "type": "if",
        "locations": [
          {
            "start": { "line": 100, "column": 4 },
            "end": { "line": 102, "column": 5 }
          }
        ]
      },
      "7": {
        "loc": {
          "start": { "line": 100, "column": 8 },
          "end": { "line": 100, "column": 35 }
        },
        "type": "binary-expr",
        "locations": [
          {
            "start": { "line": 100, "column": 8 },
            "end": { "line": 100, "column": 22 }
          },
          {
            "start": { "line": 100, "column": 26 },
            "end": { "line": 100, "column": 35 }
          }
        ]
      },
      "8": {
        "loc": {
          "start": { "line": 105, "column": 4 },
          "end": { "line": 107, "column": 5 }
        },
        "type": "if",
        "locations": [
          {
            "start": { "line": 105, "column": 4 },
            "end": { "line": 107, "column": 5 }
          }
        ]
      },
      "9": {
        "loc": {
          "start": { "line": 109, "column": 4 },
          "end": { "line": 113, "column": 5 }
        },
        "type": "if",
        "locations": [
          {
            "start": { "line": 109, "column": 4 },
            "end": { "line": 113, "column": 5 }
          }
        ]
      },
      "10": {
        "loc": {
          "start": { "line": 115, "column": 4 },
          "end": { "line": 119, "column": 5 }
        },
        "type": "if",
        "locations": [
          {
            "start": { "line": 115, "column": 4 },
            "end": { "line": 119, "column": 5 }
          }
        ]
      },
      "11": {
        "loc": {
          "start": { "line": 127, "column": 39 },
          "end": { "line": 127, "column": 66 }
        },
        "type": "binary-expr",
        "locations": [
          {
            "start": { "line": 127, "column": 39 },
            "end": { "line": 127, "column": 53 }
          },
          {
            "start": { "line": 127, "column": 57 },
            "end": { "line": 127, "column": 66 }
          }
        ]
      },
      "12": {
        "loc": {
          "start": { "line": 132, "column": 47 },
          "end": { "line": 132, "column": 74 }
        },
        "type": "binary-expr",
        "locations": [
          {
            "start": { "line": 132, "column": 47 },
            "end": { "line": 132, "column": 61 }
          },
          {
            "start": { "line": 132, "column": 65 },
            "end": { "line": 132, "column": 74 }
          }
        ]
      }
    },
    "s": {
      "0": 0,
      "1": 0,
      "2": 0,
      "3": 0,
      "4": 0,
      "5": 0,
      "6": 0,
      "7": 0,
      "8": 0,
      "9": 0,
      "10": 0,
      "11": 0,
      "12": 0,
      "13": 0,
      "14": 0,
      "15": 0,
      "16": 0,
      "17": 0,
      "18": 0,
      "19": 0,
      "20": 0,
      "21": 0,
      "22": 0,
      "23": 0,
      "24": 0,
      "25": 0,
      "26": 0,
      "27": 0,
      "28": 0,
      "29": 0,
      "30": 0,
      "31": 0,
      "32": 0,
      "33": 0
    },
    "f": { "0": 0, "1": 0, "2": 0, "3": 0, "4": 0 },
    "b": {
      "0": [0],
      "1": [0, 0],
      "2": [0],
      "3": [0, 0],
      "4": [0],
      "5": [0, 0],
      "6": [0],
      "7": [0, 0],
      "8": [0],
      "9": [0],
      "10": [0],
      "11": [0, 0],
      "12": [0, 0]
    }
  },
  "/Users/sheepzhao/WorkSpace/组件库/xiaoyang-ui-plus/src/checkbox/checkboxGroup.tsx": {
    "path": "/Users/sheepzhao/WorkSpace/组件库/xiaoyang-ui-plus/src/checkbox/checkboxGroup.tsx",
    "statementMap": {
      "0": {
        "start": { "line": 1, "column": 0 },
        "end": { "line": 1, "column": 36 }
      },
      "1": {
        "start": { "line": 2, "column": 0 },
        "end": { "line": 2, "column": 71 }
      },
      "2": {
        "start": { "line": 3, "column": 0 },
        "end": { "line": 3, "column": 40 }
      },
      "3": {
        "start": { "line": 5, "column": 0 },
        "end": { "line": 5, "column": 22 }
      },
      "4": {
        "start": { "line": 68, "column": 41 },
        "end": { "line": 116, "column": 1 }
      },
      "5": {
        "start": { "line": 69, "column": 54 },
        "end": { "line": 69, "column": 59 }
      },
      "6": {
        "start": { "line": 69, "column": 49 },
        "end": { "line": 69, "column": 54 }
      },
      "7": {
        "start": { "line": 71, "column": 28 },
        "end": { "line": 72, "column": null }
      },
      "8": {
        "start": { "line": 75, "column": 2 },
        "end": { "line": 79, "column": 20 }
      },
      "9": {
        "start": { "line": 76, "column": 4 },
        "end": { "line": 78, "column": 5 }
      },
      "10": {
        "start": { "line": 77, "column": 6 },
        "end": { "line": 77, "column": 29 }
      },
      "11": {
        "start": { "line": 81, "column": 14 },
        "end": { "line": 83, "column": 4 }
      },
      "12": {
        "start": { "line": 85, "column": 23 },
        "end": { "line": 101, "column": 3 }
      },
      "13": {
        "start": { "line": 86, "column": 24 },
        "end": { "line": 86, "column": 38 }
      },
      "14": {
        "start": { "line": 87, "column": 16 },
        "end": { "line": 87, "column": 42 }
      },
      "15": {
        "start": { "line": 88, "column": 20 },
        "end": { "line": 88, "column": 36 }
      },
      "16": {
        "start": { "line": 90, "column": 17 },
        "end": { "line": 90, "column": 22 }
      },
      "17": {
        "start": { "line": 91, "column": 4 },
        "end": { "line": 98, "column": 5 }
      },
      "18": {
        "start": { "line": 92, "column": 6 },
        "end": { "line": 92, "column": 43 }
      },
      "19": {
        "start": { "line": 93, "column": 6 },
        "end": { "line": 93, "column": 23 }
      },
      "20": {
        "start": { "line": 94, "column": 11 },
        "end": { "line": 98, "column": 5 }
      },
      "21": {
        "start": { "line": 95, "column": 6 },
        "end": { "line": 95, "column": 27 }
      },
      "22": {
        "start": { "line": 96, "column": 6 },
        "end": { "line": 96, "column": 32 }
      },
      "23": {
        "start": { "line": 97, "column": 6 },
        "end": { "line": 97, "column": 23 }
      },
      "24": {
        "start": { "line": 100, "column": 4 },
        "end": { "line": 100, "column": 23 }
      },
      "25": {
        "start": { "line": 103, "column": 2 },
        "end": { "line": 115, "column": 4 }
      },
      "26": {
        "start": { "line": 118, "column": 0 },
        "end": { "line": 118, "column": 24 }
      }
    },
    "fnMap": {
      "0": {
        "name": "(anonymous_8)",
        "decl": {
          "start": { "line": 68, "column": 41 },
          "end": { "line": 68, "column": 42 }
        },
        "loc": {
          "start": { "line": 68, "column": 51 },
          "end": { "line": 116, "column": 1 }
        }
      },
      "1": {
        "name": "(anonymous_9)",
        "decl": {
          "start": { "line": 75, "column": 12 },
          "end": { "line": 75, "column": 15 }
        },
        "loc": {
          "start": { "line": 75, "column": 17 },
          "end": { "line": 79, "column": 3 }
        }
      },
      "2": {
        "name": "(anonymous_10)",
        "decl": {
          "start": { "line": 85, "column": 23 },
          "end": { "line": 85, "column": 24 }
        },
        "loc": {
          "start": { "line": 85, "column": 50 },
          "end": { "line": 101, "column": 3 }
        }
      }
    },
    "branchMap": {
      "0": {
        "loc": {
          "start": { "line": 72, "column": 4 },
          "end": { "line": 72, "column": 43 }
        },
        "type": "binary-expr",
        "locations": [
          {
            "start": { "line": 72, "column": 4 },
            "end": { "line": 72, "column": 22 }
          },
          {
            "start": { "line": 72, "column": 26 },
            "end": { "line": 72, "column": 37 }
          },
          {
            "start": { "line": 72, "column": 41 },
            "end": { "line": 72, "column": 43 }
          }
        ]
      },
      "1": {
        "loc": {
          "start": { "line": 76, "column": 4 },
          "end": { "line": 78, "column": 5 }
        },
        "type": "if",
        "locations": [
          {
            "start": { "line": 76, "column": 4 },
            "end": { "line": 78, "column": 5 }
          }
        ]
      },
      "2": {
        "loc": {
          "start": { "line": 91, "column": 4 },
          "end": { "line": 98, "column": 5 }
        },
        "type": "if",
        "locations": [
          {
            "start": { "line": 91, "column": 4 },
            "end": { "line": 98, "column": 5 }
          },
          {
            "start": { "line": 94, "column": 11 },
            "end": { "line": 98, "column": 5 }
          }
        ]
      },
      "3": {
        "loc": {
          "start": { "line": 91, "column": 8 },
          "end": { "line": 91, "column": 29 }
        },
        "type": "binary-expr",
        "locations": [
          {
            "start": { "line": 91, "column": 8 },
            "end": { "line": 91, "column": 18 }
          },
          {
            "start": { "line": 91, "column": 22 },
            "end": { "line": 91, "column": 29 }
          }
        ]
      },
      "4": {
        "loc": {
          "start": { "line": 94, "column": 11 },
          "end": { "line": 98, "column": 5 }
        },
        "type": "if",
        "locations": [
          {
            "start": { "line": 94, "column": 11 },
            "end": { "line": 98, "column": 5 }
          }
        ]
      },
      "5": {
        "loc": {
          "start": { "line": 94, "column": 15 },
          "end": { "line": 94, "column": 35 }
        },
        "type": "binary-expr",
        "locations": [
          {
            "start": { "line": 94, "column": 15 },
            "end": { "line": 94, "column": 23 }
          },
          {
            "start": { "line": 94, "column": 27 },
            "end": { "line": 94, "column": 35 }
          }
        ]
      },
      "6": {
        "loc": {
          "start": { "line": 100, "column": 4 },
          "end": { "line": 100, "column": 22 }
        },
        "type": "cond-expr",
        "locations": [
          {
            "start": { "line": 100, "column": 12 },
            "end": { "line": 100, "column": 15 }
          },
          {
            "start": { "line": 100, "column": 4 },
            "end": { "line": 100, "column": 22 }
          }
        ]
      },
      "7": {
        "loc": {
          "start": { "line": 100, "column": 4 },
          "end": { "line": 100, "column": 15 }
        },
        "type": "binary-expr",
        "locations": [
          {
            "start": { "line": 100, "column": 4 },
            "end": { "line": 100, "column": 15 }
          },
          {
            "start": { "line": 100, "column": 4 },
            "end": { "line": 100, "column": 15 }
          }
        ]
      }
    },
    "s": {
      "0": 0,
      "1": 0,
      "2": 0,
      "3": 0,
      "4": 0,
      "5": 0,
      "6": 0,
      "7": 0,
      "8": 0,
      "9": 0,
      "10": 0,
      "11": 0,
      "12": 0,
      "13": 0,
      "14": 0,
      "15": 0,
      "16": 0,
      "17": 0,
      "18": 0,
      "19": 0,
      "20": 0,
      "21": 0,
      "22": 0,
      "23": 0,
      "24": 0,
      "25": 0,
      "26": 0
    },
    "f": { "0": 0, "1": 0, "2": 0 },
    "b": {
      "0": [0, 0, 0],
      "1": [0],
      "2": [0, 0],
      "3": [0, 0],
      "4": [0],
      "5": [0, 0],
      "6": [0, 0],
      "7": [0, 0]
    }
  },
  "/Users/sheepzhao/WorkSpace/组件库/xiaoyang-ui-plus/src/checkbox/context.tsx": {
    "path": "/Users/sheepzhao/WorkSpace/组件库/xiaoyang-ui-plus/src/checkbox/context.tsx",
    "statementMap": {
      "0": {
        "start": { "line": 1, "column": 0 },
        "end": { "line": 1, "column": 38 }
      },
      "1": {
        "start": { "line": 9, "column": 24 },
        "end": { "line": 13, "column": 2 }
      },
      "2": {
        "start": { "line": 15, "column": 0 },
        "end": { "line": 15, "column": 31 }
      }
    },
    "fnMap": {
      "0": {
        "name": "(anonymous_0)",
        "decl": {
          "start": { "line": 11, "column": 12 },
          "end": { "line": 11, "column": 15 }
        },
        "loc": {
          "start": { "line": 11, "column": 17 },
          "end": { "line": 11, "column": 20 }
        }
      }
    },
    "branchMap": {},
    "s": { "0": 0, "1": 0, "2": 0 },
    "f": { "0": 0 },
    "b": {}
  },
  "/Users/sheepzhao/WorkSpace/组件库/xiaoyang-ui-plus/src/checkbox/index.ts": {
    "path": "/Users/sheepzhao/WorkSpace/组件库/xiaoyang-ui-plus/src/checkbox/index.ts",
    "statementMap": {
      "0": {
        "start": { "line": 1, "column": 0 },
        "end": { "line": 1, "column": 42 }
      },
      "1": {
        "start": { "line": 2, "column": 0 },
        "end": { "line": 2, "column": 44 }
      },
      "2": {
        "start": { "line": 18, "column": 17 },
        "end": { "line": 18, "column": 54 }
      },
      "3": {
        "start": { "line": 21, "column": 9 },
        "end": { "line": 21, "column": 17 }
      },
      "4": {
        "start": { "line": 19, "column": 0 },
        "end": { "line": 19, "column": 31 }
      }
    },
    "fnMap": {},
    "branchMap": {},
    "s": { "0": 0, "1": 0, "2": 0, "3": 0, "4": 0 },
    "f": {},
    "b": {}
  },
  "/Users/sheepzhao/WorkSpace/组件库/xiaoyang-ui-plus/src/grid/col.tsx": {
    "path": "/Users/sheepzhao/WorkSpace/组件库/xiaoyang-ui-plus/src/grid/col.tsx",
    "statementMap": {
      "0": {
        "start": { "line": 1, "column": 0 },
        "end": { "line": 1, "column": 36 }
      },
      "1": {
        "start": { "line": 2, "column": 0 },
        "end": { "line": 2, "column": 50 }
      },
      "2": {
        "start": { "line": 4, "column": 0 },
        "end": { "line": 4, "column": 22 }
      },
      "3": {
        "start": { "line": 32, "column": 26 },
        "end": { "line": 49, "column": 1 }
      },
      "4": {
        "start": { "line": 33, "column": 47 },
        "end": { "line": 33, "column": 52 }
      },
      "5": {
        "start": { "line": 33, "column": 42 },
        "end": { "line": 33, "column": 47 }
      },
      "6": {
        "start": { "line": 35, "column": 14 },
        "end": { "line": 37, "column": 4 }
      },
      "7": {
        "start": { "line": 39, "column": 14 },
        "end": { "line": 41, "column": null }
      },
      "8": {
        "start": { "line": 44, "column": 2 },
        "end": { "line": 48, "column": 4 }
      },
      "9": {
        "start": { "line": 51, "column": 0 },
        "end": { "line": 51, "column": 19 }
      }
    },
    "fnMap": {
      "0": {
        "name": "(anonymous_2)",
        "decl": {
          "start": { "line": 32, "column": 26 },
          "end": { "line": 32, "column": 27 }
        },
        "loc": {
          "start": { "line": 32, "column": 36 },
          "end": { "line": 49, "column": 1 }
        }
      }
    },
    "branchMap": {
      "0": {
        "loc": {
          "start": { "line": 41, "column": 10 },
          "end": { "line": 41, "column": 54 }
        },
        "type": "cond-expr",
        "locations": [
          {
            "start": { "line": 41, "column": 17 },
            "end": { "line": 41, "column": 44 }
          },
          {
            "start": { "line": 41, "column": 47 },
            "end": { "line": 41, "column": 54 }
          }
        ]
      }
    },
    "s": {
      "0": 0,
      "1": 0,
      "2": 0,
      "3": 0,
      "4": 0,
      "5": 0,
      "6": 0,
      "7": 0,
      "8": 0,
      "9": 0
    },
    "f": { "0": 0 },
    "b": { "0": [0, 0] }
  },
  "/Users/sheepzhao/WorkSpace/组件库/xiaoyang-ui-plus/src/grid/index.ts": {
    "path": "/Users/sheepzhao/WorkSpace/组件库/xiaoyang-ui-plus/src/grid/index.ts",
    "statementMap": {
      "0": {
        "start": { "line": 1, "column": 0 },
        "end": { "line": 1, "column": 9 }
      },
      "1": {
        "start": { "line": 1, "column": 9 },
        "end": { "line": 1, "column": 23 }
      },
      "2": {
        "start": { "line": 2, "column": 0 },
        "end": { "line": 2, "column": 9 }
      },
      "3": {
        "start": { "line": 2, "column": 9 },
        "end": { "line": 2, "column": 23 }
      }
    },
    "fnMap": {
      "0": {
        "name": "(anonymous_1)",
        "decl": {
          "start": { "line": 1, "column": 9 },
          "end": { "line": 1, "column": 16 }
        },
        "loc": {
          "start": { "line": 1, "column": 9 },
          "end": { "line": 1, "column": 23 }
        }
      },
      "1": {
        "name": "(anonymous_2)",
        "decl": {
          "start": { "line": 2, "column": 9 },
          "end": { "line": 2, "column": 16 }
        },
        "loc": {
          "start": { "line": 2, "column": 9 },
          "end": { "line": 2, "column": 23 }
        }
      }
    },
    "branchMap": {},
    "s": { "0": 0, "1": 0, "2": 0, "3": 0 },
    "f": { "0": 0, "1": 0 },
    "b": {}
  },
  "/Users/sheepzhao/WorkSpace/组件库/xiaoyang-ui-plus/src/grid/row.tsx": {
    "path": "/Users/sheepzhao/WorkSpace/组件库/xiaoyang-ui-plus/src/grid/row.tsx",
    "statementMap": {
      "0": {
        "start": { "line": 1, "column": 0 },
        "end": { "line": 1, "column": 36 }
      },
      "1": {
        "start": { "line": 2, "column": 0 },
        "end": { "line": 2, "column": 50 }
      },
      "2": {
        "start": { "line": 4, "column": 0 },
        "end": { "line": 4, "column": 22 }
      },
      "3": {
        "start": { "line": 22, "column": 26 },
        "end": { "line": 34, "column": 1 }
      },
      "4": {
        "start": { "line": 23, "column": 41 },
        "end": { "line": 23, "column": 46 }
      },
      "5": {
        "start": { "line": 23, "column": 36 },
        "end": { "line": 23, "column": 41 }
      },
      "6": {
        "start": { "line": 25, "column": 14 },
        "end": { "line": 27, "column": 4 }
      },
      "7": {
        "start": { "line": 29, "column": 2 },
        "end": { "line": 33, "column": 4 }
      },
      "8": {
        "start": { "line": 36, "column": 0 },
        "end": { "line": 36, "column": 19 }
      }
    },
    "fnMap": {
      "0": {
        "name": "(anonymous_2)",
        "decl": {
          "start": { "line": 22, "column": 26 },
          "end": { "line": 22, "column": 27 }
        },
        "loc": {
          "start": { "line": 22, "column": 36 },
          "end": { "line": 34, "column": 1 }
        }
      }
    },
    "branchMap": {},
    "s": {
      "0": 0,
      "1": 0,
      "2": 0,
      "3": 0,
      "4": 0,
      "5": 0,
      "6": 0,
      "7": 0,
      "8": 0
    },
    "f": { "0": 0 },
    "b": {}
  },
  "/Users/sheepzhao/WorkSpace/组件库/xiaoyang-ui-plus/src/icon/icon.tsx": {
    "path": "/Users/sheepzhao/WorkSpace/组件库/xiaoyang-ui-plus/src/icon/icon.tsx",
    "statementMap": {
      "0": {
        "start": { "line": 1, "column": 0 },
        "end": { "line": 1, "column": 36 }
      },
      "1": {
        "start": { "line": 2, "column": 0 },
        "end": { "line": 2, "column": 53 }
      },
      "2": {
        "start": { "line": 4, "column": 0 },
        "end": { "line": 4, "column": 22 }
      },
      "3": {
        "start": { "line": 72, "column": 34 },
        "end": { "line": 99, "column": 1 }
      },
      "4": {
        "start": { "line": 80, "column": 6 },
        "end": { "line": 80, "column": 11 }
      },
      "5": {
        "start": { "line": 79, "column": 13 },
        "end": { "line": 80, "column": 6 }
      },
      "6": {
        "start": { "line": 82, "column": 14 },
        "end": { "line": 86, "column": 4 }
      },
      "7": {
        "start": { "line": 88, "column": 19 },
        "end": { "line": 91, "column": null }
      },
      "8": {
        "start": { "line": 94, "column": 2 },
        "end": { "line": 98, "column": 5 }
      },
      "9": {
        "start": { "line": 101, "column": 0 },
        "end": { "line": 101, "column": 20 }
      }
    },
    "fnMap": {
      "0": {
        "name": "(anonymous_2)",
        "decl": {
          "start": { "line": 72, "column": 34 },
          "end": { "line": 72, "column": 35 }
        },
        "loc": {
          "start": { "line": 72, "column": 44 },
          "end": { "line": 99, "column": 1 }
        }
      }
    },
    "branchMap": {
      "0": {
        "loc": {
          "start": { "line": 75, "column": 4 },
          "end": { "line": 75, "column": 13 }
        },
        "type": "default-arg",
        "locations": [
          {
            "start": { "line": 75, "column": 11 },
            "end": { "line": 75, "column": 13 }
          }
        ]
      },
      "1": {
        "loc": {
          "start": { "line": 77, "column": 4 },
          "end": { "line": 77, "column": 21 }
        },
        "type": "default-arg",
        "locations": [
          {
            "start": { "line": 77, "column": 12 },
            "end": { "line": 77, "column": 21 }
          }
        ]
      },
      "2": {
        "loc": {
          "start": { "line": 78, "column": 4 },
          "end": { "line": 78, "column": 14 }
        },
        "type": "default-arg",
        "locations": [
          {
            "start": { "line": 78, "column": 12 },
            "end": { "line": 78, "column": 14 }
          }
        ]
      }
    },
    "s": {
      "0": 0,
      "1": 0,
      "2": 0,
      "3": 0,
      "4": 0,
      "5": 0,
      "6": 0,
      "7": 0,
      "8": 0,
      "9": 0
    },
    "f": { "0": 0 },
    "b": { "0": [0], "1": [0], "2": [0] }
  },
  "/Users/sheepzhao/WorkSpace/组件库/xiaoyang-ui-plus/src/icon/index.ts": {
    "path": "/Users/sheepzhao/WorkSpace/组件库/xiaoyang-ui-plus/src/icon/index.ts",
    "statementMap": {
      "0": {
        "start": { "line": 7, "column": 0 },
        "end": { "line": 7, "column": 9 }
      },
      "1": {
        "start": { "line": 7, "column": 9 },
        "end": { "line": 7, "column": 24 }
      }
    },
    "fnMap": {
      "0": {
        "name": "(anonymous_1)",
        "decl": {
          "start": { "line": 7, "column": 9 },
          "end": { "line": 7, "column": 16 }
        },
        "loc": {
          "start": { "line": 7, "column": 9 },
          "end": { "line": 7, "column": 24 }
        }
      }
    },
    "branchMap": {},
    "s": { "0": 0, "1": 0 },
    "f": { "0": 0 },
    "b": {}
  },
  "/Users/sheepzhao/WorkSpace/组件库/xiaoyang-ui-plus/src/icons/closeIcon.tsx": {
    "path": "/Users/sheepzhao/WorkSpace/组件库/xiaoyang-ui-plus/src/icons/closeIcon.tsx",
    "statementMap": {
      "0": {
        "start": { "line": 1, "column": 0 },
        "end": { "line": 1, "column": 26 }
      },
      "1": {
        "start": { "line": 3, "column": 0 },
        "end": { "line": 3, "column": 31 }
      },
      "2": {
        "start": { "line": 5, "column": 33 },
        "end": { "line": 35, "column": 1 }
      },
      "3": {
        "start": { "line": 12, "column": 6 },
        "end": { "line": 12, "column": 11 }
      },
      "4": {
        "start": { "line": 11, "column": 13 },
        "end": { "line": 12, "column": 6 }
      },
      "5": {
        "start": { "line": 14, "column": 14 },
        "end": { "line": 31, "column": null }
      },
      "6": {
        "start": { "line": 15, "column": 4 },
        "end": { "line": 30, "column": null }
      },
      "7": {
        "start": { "line": 34, "column": 2 },
        "end": { "line": 34, "column": 45 }
      },
      "8": {
        "start": { "line": 37, "column": 0 },
        "end": { "line": 37, "column": 25 }
      }
    },
    "fnMap": {
      "0": {
        "name": "(anonymous_2)",
        "decl": {
          "start": { "line": 5, "column": 33 },
          "end": { "line": 5, "column": 34 }
        },
        "loc": {
          "start": { "line": 5, "column": 43 },
          "end": { "line": 35, "column": 1 }
        }
      },
      "1": {
        "name": "(anonymous_3)",
        "decl": {
          "start": { "line": 14, "column": 14 },
          "end": { "line": 14, "column": 17 }
        },
        "loc": {
          "start": { "line": 15, "column": 4 },
          "end": { "line": 30, "column": null }
        }
      }
    },
    "branchMap": {
      "0": {
        "loc": {
          "start": { "line": 8, "column": 4 },
          "end": { "line": 8, "column": 13 }
        },
        "type": "default-arg",
        "locations": [
          {
            "start": { "line": 8, "column": 11 },
            "end": { "line": 8, "column": 13 }
          }
        ]
      },
      "1": {
        "loc": {
          "start": { "line": 9, "column": 4 },
          "end": { "line": 9, "column": 21 }
        },
        "type": "default-arg",
        "locations": [
          {
            "start": { "line": 9, "column": 12 },
            "end": { "line": 9, "column": 21 }
          }
        ]
      },
      "2": {
        "loc": {
          "start": { "line": 10, "column": 4 },
          "end": { "line": 10, "column": 14 }
        },
        "type": "default-arg",
        "locations": [
          {
            "start": { "line": 10, "column": 12 },
            "end": { "line": 10, "column": 14 }
          }
        ]
      }
    },
    "s": {
      "0": 0,
      "1": 0,
      "2": 0,
      "3": 0,
      "4": 0,
      "5": 0,
      "6": 0,
      "7": 0,
      "8": 0
    },
    "f": { "0": 0, "1": 0 },
    "b": { "0": [0], "1": [0], "2": [0] }
  },
  "/Users/sheepzhao/WorkSpace/组件库/xiaoyang-ui-plus/src/icons/cloudUploadIcon.tsx": {
    "path": "/Users/sheepzhao/WorkSpace/组件库/xiaoyang-ui-plus/src/icons/cloudUploadIcon.tsx",
    "statementMap": {
      "0": {
        "start": { "line": 1, "column": 0 },
        "end": { "line": 1, "column": 26 }
      },
      "1": {
        "start": { "line": 3, "column": 0 },
        "end": { "line": 3, "column": 31 }
      },
      "2": {
        "start": { "line": 5, "column": 39 },
        "end": { "line": 21, "column": 1 }
      },
      "3": {
        "start": { "line": 12, "column": 6 },
        "end": { "line": 12, "column": 11 }
      },
      "4": {
        "start": { "line": 11, "column": 13 },
        "end": { "line": 12, "column": 6 }
      },
      "5": {
        "start": { "line": 14, "column": 14 },
        "end": { "line": 17, "column": null }
      },
      "6": {
        "start": { "line": 15, "column": 4 },
        "end": { "line": 16, "column": null }
      },
      "7": {
        "start": { "line": 20, "column": 2 },
        "end": { "line": 20, "column": 45 }
      },
      "8": {
        "start": { "line": 23, "column": 0 },
        "end": { "line": 23, "column": 31 }
      }
    },
    "fnMap": {
      "0": {
        "name": "(anonymous_2)",
        "decl": {
          "start": { "line": 5, "column": 39 },
          "end": { "line": 5, "column": 40 }
        },
        "loc": {
          "start": { "line": 5, "column": 49 },
          "end": { "line": 21, "column": 1 }
        }
      },
      "1": {
        "name": "(anonymous_3)",
        "decl": {
          "start": { "line": 14, "column": 14 },
          "end": { "line": 14, "column": 17 }
        },
        "loc": {
          "start": { "line": 15, "column": 4 },
          "end": { "line": 16, "column": null }
        }
      }
    },
    "branchMap": {
      "0": {
        "loc": {
          "start": { "line": 8, "column": 4 },
          "end": { "line": 8, "column": 13 }
        },
        "type": "default-arg",
        "locations": [
          {
            "start": { "line": 8, "column": 11 },
            "end": { "line": 8, "column": 13 }
          }
        ]
      },
      "1": {
        "loc": {
          "start": { "line": 9, "column": 4 },
          "end": { "line": 9, "column": 21 }
        },
        "type": "default-arg",
        "locations": [
          {
            "start": { "line": 9, "column": 12 },
            "end": { "line": 9, "column": 21 }
          }
        ]
      },
      "2": {
        "loc": {
          "start": { "line": 10, "column": 4 },
          "end": { "line": 10, "column": 14 }
        },
        "type": "default-arg",
        "locations": [
          {
            "start": { "line": 10, "column": 12 },
            "end": { "line": 10, "column": 14 }
          }
        ]
      }
    },
    "s": {
      "0": 0,
      "1": 0,
      "2": 0,
      "3": 0,
      "4": 0,
      "5": 0,
      "6": 0,
      "7": 0,
      "8": 0
    },
    "f": { "0": 0, "1": 0 },
    "b": { "0": [0], "1": [0], "2": [0] }
  },
  "/Users/sheepzhao/WorkSpace/组件库/xiaoyang-ui-plus/src/icons/deleteIcon.tsx": {
    "path": "/Users/sheepzhao/WorkSpace/组件库/xiaoyang-ui-plus/src/icons/deleteIcon.tsx",
    "statementMap": {
      "0": {
        "start": { "line": 1, "column": 0 },
        "end": { "line": 1, "column": 26 }
      },
      "1": {
        "start": { "line": 3, "column": 0 },
        "end": { "line": 3, "column": 31 }
      },
      "2": {
        "start": { "line": 5, "column": 34 },
        "end": { "line": 21, "column": 1 }
      },
      "3": {
        "start": { "line": 12, "column": 6 },
        "end": { "line": 12, "column": 11 }
      },
      "4": {
        "start": { "line": 11, "column": 13 },
        "end": { "line": 12, "column": 6 }
      },
      "5": {
        "start": { "line": 14, "column": 14 },
        "end": { "line": 17, "column": null }
      },
      "6": {
        "start": { "line": 15, "column": 4 },
        "end": { "line": 16, "column": null }
      },
      "7": {
        "start": { "line": 20, "column": 2 },
        "end": { "line": 20, "column": 45 }
      },
      "8": {
        "start": { "line": 23, "column": 0 },
        "end": { "line": 23, "column": 26 }
      }
    },
    "fnMap": {
      "0": {
        "name": "(anonymous_2)",
        "decl": {
          "start": { "line": 5, "column": 34 },
          "end": { "line": 5, "column": 35 }
        },
        "loc": {
          "start": { "line": 5, "column": 44 },
          "end": { "line": 21, "column": 1 }
        }
      },
      "1": {
        "name": "(anonymous_3)",
        "decl": {
          "start": { "line": 14, "column": 14 },
          "end": { "line": 14, "column": 17 }
        },
        "loc": {
          "start": { "line": 15, "column": 4 },
          "end": { "line": 16, "column": null }
        }
      }
    },
    "branchMap": {
      "0": {
        "loc": {
          "start": { "line": 8, "column": 4 },
          "end": { "line": 8, "column": 13 }
        },
        "type": "default-arg",
        "locations": [
          {
            "start": { "line": 8, "column": 11 },
            "end": { "line": 8, "column": 13 }
          }
        ]
      },
      "1": {
        "loc": {
          "start": { "line": 9, "column": 4 },
          "end": { "line": 9, "column": 21 }
        },
        "type": "default-arg",
        "locations": [
          {
            "start": { "line": 9, "column": 12 },
            "end": { "line": 9, "column": 21 }
          }
        ]
      },
      "2": {
        "loc": {
          "start": { "line": 10, "column": 4 },
          "end": { "line": 10, "column": 14 }
        },
        "type": "default-arg",
        "locations": [
          {
            "start": { "line": 10, "column": 12 },
            "end": { "line": 10, "column": 14 }
          }
        ]
      }
    },
    "s": {
      "0": 0,
      "1": 0,
      "2": 0,
      "3": 0,
      "4": 0,
      "5": 0,
      "6": 0,
      "7": 0,
      "8": 0
    },
    "f": { "0": 0, "1": 0 },
    "b": { "0": [0], "1": [0], "2": [0] }
  },
  "/Users/sheepzhao/WorkSpace/组件库/xiaoyang-ui-plus/src/icons/homeIcon.tsx": {
    "path": "/Users/sheepzhao/WorkSpace/组件库/xiaoyang-ui-plus/src/icons/homeIcon.tsx",
    "statementMap": {
      "0": {
        "start": { "line": 1, "column": 0 },
        "end": { "line": 1, "column": 26 }
      },
      "1": {
        "start": { "line": 3, "column": 0 },
        "end": { "line": 3, "column": 31 }
      },
      "2": {
        "start": { "line": 5, "column": 32 },
        "end": { "line": 21, "column": 1 }
      },
      "3": {
        "start": { "line": 12, "column": 6 },
        "end": { "line": 12, "column": 11 }
      },
      "4": {
        "start": { "line": 11, "column": 13 },
        "end": { "line": 12, "column": 6 }
      },
      "5": {
        "start": { "line": 14, "column": 14 },
        "end": { "line": 17, "column": null }
      },
      "6": {
        "start": { "line": 15, "column": 4 },
        "end": { "line": 16, "column": null }
      },
      "7": {
        "start": { "line": 20, "column": 2 },
        "end": { "line": 20, "column": 45 }
      },
      "8": {
        "start": { "line": 23, "column": 0 },
        "end": { "line": 23, "column": 24 }
      }
    },
    "fnMap": {
      "0": {
        "name": "(anonymous_2)",
        "decl": {
          "start": { "line": 5, "column": 32 },
          "end": { "line": 5, "column": 33 }
        },
        "loc": {
          "start": { "line": 5, "column": 42 },
          "end": { "line": 21, "column": 1 }
        }
      },
      "1": {
        "name": "(anonymous_3)",
        "decl": {
          "start": { "line": 14, "column": 14 },
          "end": { "line": 14, "column": 17 }
        },
        "loc": {
          "start": { "line": 15, "column": 4 },
          "end": { "line": 16, "column": null }
        }
      }
    },
    "branchMap": {
      "0": {
        "loc": {
          "start": { "line": 8, "column": 4 },
          "end": { "line": 8, "column": 13 }
        },
        "type": "default-arg",
        "locations": [
          {
            "start": { "line": 8, "column": 11 },
            "end": { "line": 8, "column": 13 }
          }
        ]
      },
      "1": {
        "loc": {
          "start": { "line": 9, "column": 4 },
          "end": { "line": 9, "column": 21 }
        },
        "type": "default-arg",
        "locations": [
          {
            "start": { "line": 9, "column": 12 },
            "end": { "line": 9, "column": 21 }
          }
        ]
      },
      "2": {
        "loc": {
          "start": { "line": 10, "column": 4 },
          "end": { "line": 10, "column": 14 }
        },
        "type": "default-arg",
        "locations": [
          {
            "start": { "line": 10, "column": 12 },
            "end": { "line": 10, "column": 14 }
          }
        ]
      }
    },
    "s": {
      "0": 0,
      "1": 0,
      "2": 0,
      "3": 0,
      "4": 0,
      "5": 0,
      "6": 0,
      "7": 0,
      "8": 0
    },
    "f": { "0": 0, "1": 0 },
    "b": { "0": [0], "1": [0], "2": [0] }
  },
  "/Users/sheepzhao/WorkSpace/组件库/xiaoyang-ui-plus/src/icons/index.ts": {
    "path": "/Users/sheepzhao/WorkSpace/组件库/xiaoyang-ui-plus/src/icons/index.ts",
    "statementMap": {
      "0": {
        "start": { "line": 1, "column": 0 },
        "end": { "line": 1, "column": 9 }
      },
      "1": {
        "start": { "line": 1, "column": 9 },
        "end": { "line": 1, "column": 29 }
      },
      "2": {
        "start": { "line": 2, "column": 0 },
        "end": { "line": 2, "column": 9 }
      },
      "3": {
        "start": { "line": 2, "column": 9 },
        "end": { "line": 2, "column": 35 }
      },
      "4": {
        "start": { "line": 3, "column": 0 },
        "end": { "line": 3, "column": 9 }
      },
      "5": {
        "start": { "line": 3, "column": 9 },
        "end": { "line": 3, "column": 30 }
      },
      "6": {
        "start": { "line": 4, "column": 0 },
        "end": { "line": 4, "column": 9 }
      },
      "7": {
        "start": { "line": 4, "column": 9 },
        "end": { "line": 4, "column": 28 }
      },
      "8": {
        "start": { "line": 5, "column": 0 },
        "end": { "line": 5, "column": 9 }
      },
      "9": {
        "start": { "line": 5, "column": 9 },
        "end": { "line": 5, "column": 37 }
      },
      "10": {
        "start": { "line": 6, "column": 0 },
        "end": { "line": 6, "column": 9 }
      },
      "11": {
        "start": { "line": 6, "column": 9 },
        "end": { "line": 6, "column": 28 }
      },
      "12": {
        "start": { "line": 7, "column": 0 },
        "end": { "line": 7, "column": 9 }
      },
      "13": {
        "start": { "line": 7, "column": 9 },
        "end": { "line": 7, "column": 28 }
      }
    },
    "fnMap": {
      "0": {
        "name": "(anonymous_1)",
        "decl": {
          "start": { "line": 1, "column": 9 },
          "end": { "line": 1, "column": 16 }
        },
        "loc": {
          "start": { "line": 1, "column": 9 },
          "end": { "line": 1, "column": 29 }
        }
      },
      "1": {
        "name": "(anonymous_2)",
        "decl": {
          "start": { "line": 2, "column": 9 },
          "end": { "line": 2, "column": 16 }
        },
        "loc": {
          "start": { "line": 2, "column": 9 },
          "end": { "line": 2, "column": 35 }
        }
      },
      "2": {
        "name": "(anonymous_3)",
        "decl": {
          "start": { "line": 3, "column": 9 },
          "end": { "line": 3, "column": 16 }
        },
        "loc": {
          "start": { "line": 3, "column": 9 },
          "end": { "line": 3, "column": 30 }
        }
      },
      "3": {
        "name": "(anonymous_4)",
        "decl": {
          "start": { "line": 4, "column": 9 },
          "end": { "line": 4, "column": 16 }
        },
        "loc": {
          "start": { "line": 4, "column": 9 },
          "end": { "line": 4, "column": 28 }
        }
      },
      "4": {
        "name": "(anonymous_5)",
        "decl": {
          "start": { "line": 5, "column": 9 },
          "end": { "line": 5, "column": 16 }
        },
        "loc": {
          "start": { "line": 5, "column": 9 },
          "end": { "line": 5, "column": 37 }
        }
      },
      "5": {
        "name": "(anonymous_6)",
        "decl": {
          "start": { "line": 6, "column": 9 },
          "end": { "line": 6, "column": 16 }
        },
        "loc": {
          "start": { "line": 6, "column": 9 },
          "end": { "line": 6, "column": 28 }
        }
      },
      "6": {
        "name": "(anonymous_7)",
        "decl": {
          "start": { "line": 7, "column": 9 },
          "end": { "line": 7, "column": 16 }
        },
        "loc": {
          "start": { "line": 7, "column": 9 },
          "end": { "line": 7, "column": 28 }
        }
      }
    },
    "branchMap": {},
    "s": {
      "0": 0,
      "1": 0,
      "2": 0,
      "3": 0,
      "4": 0,
      "5": 0,
      "6": 0,
      "7": 0,
      "8": 0,
      "9": 0,
      "10": 0,
      "11": 0,
      "12": 0,
      "13": 0
    },
    "f": { "0": 0, "1": 0, "2": 0, "3": 0, "4": 0, "5": 0, "6": 0 },
    "b": {}
  },
  "/Users/sheepzhao/WorkSpace/组件库/xiaoyang-ui-plus/src/icons/keyboardVoiceIcon.tsx": {
    "path": "/Users/sheepzhao/WorkSpace/组件库/xiaoyang-ui-plus/src/icons/keyboardVoiceIcon.tsx",
    "statementMap": {
      "0": {
        "start": { "line": 1, "column": 0 },
        "end": { "line": 1, "column": 26 }
      },
      "1": {
        "start": { "line": 3, "column": 0 },
        "end": { "line": 3, "column": 31 }
      },
      "2": {
        "start": { "line": 5, "column": 41 },
        "end": { "line": 29, "column": 1 }
      },
      "3": {
        "start": { "line": 12, "column": 6 },
        "end": { "line": 12, "column": 11 }
      },
      "4": {
        "start": { "line": 11, "column": 13 },
        "end": { "line": 12, "column": 6 }
      },
      "5": {
        "start": { "line": 14, "column": 14 },
        "end": { "line": 25, "column": null }
      },
      "6": {
        "start": { "line": 15, "column": 4 },
        "end": { "line": 24, "column": null }
      },
      "7": {
        "start": { "line": 28, "column": 2 },
        "end": { "line": 28, "column": 45 }
      },
      "8": {
        "start": { "line": 31, "column": 0 },
        "end": { "line": 31, "column": 33 }
      }
    },
    "fnMap": {
      "0": {
        "name": "(anonymous_2)",
        "decl": {
          "start": { "line": 5, "column": 41 },
          "end": { "line": 5, "column": 42 }
        },
        "loc": {
          "start": { "line": 5, "column": 51 },
          "end": { "line": 29, "column": 1 }
        }
      },
      "1": {
        "name": "(anonymous_3)",
        "decl": {
          "start": { "line": 14, "column": 14 },
          "end": { "line": 14, "column": 17 }
        },
        "loc": {
          "start": { "line": 15, "column": 4 },
          "end": { "line": 24, "column": null }
        }
      }
    },
    "branchMap": {
      "0": {
        "loc": {
          "start": { "line": 8, "column": 4 },
          "end": { "line": 8, "column": 13 }
        },
        "type": "default-arg",
        "locations": [
          {
            "start": { "line": 8, "column": 11 },
            "end": { "line": 8, "column": 13 }
          }
        ]
      },
      "1": {
        "loc": {
          "start": { "line": 9, "column": 4 },
          "end": { "line": 9, "column": 21 }
        },
        "type": "default-arg",
        "locations": [
          {
            "start": { "line": 9, "column": 12 },
            "end": { "line": 9, "column": 21 }
          }
        ]
      },
      "2": {
        "loc": {
          "start": { "line": 10, "column": 4 },
          "end": { "line": 10, "column": 14 }
        },
        "type": "default-arg",
        "locations": [
          {
            "start": { "line": 10, "column": 12 },
            "end": { "line": 10, "column": 14 }
          }
        ]
      }
    },
    "s": {
      "0": 0,
      "1": 0,
      "2": 0,
      "3": 0,
      "4": 0,
      "5": 0,
      "6": 0,
      "7": 0,
      "8": 0
    },
    "f": { "0": 0, "1": 0 },
    "b": { "0": [0], "1": [0], "2": [0] }
  },
  "/Users/sheepzhao/WorkSpace/组件库/xiaoyang-ui-plus/src/icons/saveIcon.tsx": {
    "path": "/Users/sheepzhao/WorkSpace/组件库/xiaoyang-ui-plus/src/icons/saveIcon.tsx",
    "statementMap": {
      "0": {
        "start": { "line": 1, "column": 0 },
        "end": { "line": 1, "column": 26 }
      },
      "1": {
        "start": { "line": 3, "column": 0 },
        "end": { "line": 3, "column": 31 }
      },
      "2": {
        "start": { "line": 5, "column": 32 },
        "end": { "line": 20, "column": 1 }
      },
      "3": {
        "start": { "line": 12, "column": 6 },
        "end": { "line": 12, "column": 11 }
      },
      "4": {
        "start": { "line": 11, "column": 13 },
        "end": { "line": 12, "column": 6 }
      },
      "5": {
        "start": { "line": 14, "column": 14 },
        "end": { "line": 17, "column": null }
      },
      "6": {
        "start": { "line": 15, "column": 4 },
        "end": { "line": 16, "column": null }
      },
      "7": {
        "start": { "line": 19, "column": 2 },
        "end": { "line": 19, "column": 45 }
      },
      "8": {
        "start": { "line": 22, "column": 0 },
        "end": { "line": 22, "column": 24 }
      }
    },
    "fnMap": {
      "0": {
        "name": "(anonymous_2)",
        "decl": {
          "start": { "line": 5, "column": 32 },
          "end": { "line": 5, "column": 33 }
        },
        "loc": {
          "start": { "line": 5, "column": 42 },
          "end": { "line": 20, "column": 1 }
        }
      },
      "1": {
        "name": "(anonymous_3)",
        "decl": {
          "start": { "line": 14, "column": 14 },
          "end": { "line": 14, "column": 17 }
        },
        "loc": {
          "start": { "line": 15, "column": 4 },
          "end": { "line": 16, "column": null }
        }
      }
    },
    "branchMap": {
      "0": {
        "loc": {
          "start": { "line": 8, "column": 4 },
          "end": { "line": 8, "column": 13 }
        },
        "type": "default-arg",
        "locations": [
          {
            "start": { "line": 8, "column": 11 },
            "end": { "line": 8, "column": 13 }
          }
        ]
      },
      "1": {
        "loc": {
          "start": { "line": 9, "column": 4 },
          "end": { "line": 9, "column": 21 }
        },
        "type": "default-arg",
        "locations": [
          {
            "start": { "line": 9, "column": 12 },
            "end": { "line": 9, "column": 21 }
          }
        ]
      },
      "2": {
        "loc": {
          "start": { "line": 10, "column": 4 },
          "end": { "line": 10, "column": 14 }
        },
        "type": "default-arg",
        "locations": [
          {
            "start": { "line": 10, "column": 12 },
            "end": { "line": 10, "column": 14 }
          }
        ]
      }
    },
    "s": {
      "0": 0,
      "1": 0,
      "2": 0,
      "3": 0,
      "4": 0,
      "5": 0,
      "6": 0,
      "7": 0,
      "8": 0
    },
    "f": { "0": 0, "1": 0 },
    "b": { "0": [0], "1": [0], "2": [0] }
  },
  "/Users/sheepzhao/WorkSpace/组件库/xiaoyang-ui-plus/src/icons/sendIcon.tsx": {
    "path": "/Users/sheepzhao/WorkSpace/组件库/xiaoyang-ui-plus/src/icons/sendIcon.tsx",
    "statementMap": {
      "0": {
        "start": { "line": 1, "column": 0 },
        "end": { "line": 1, "column": 26 }
      },
      "1": {
        "start": { "line": 3, "column": 0 },
        "end": { "line": 3, "column": 31 }
      },
      "2": {
        "start": { "line": 5, "column": 32 },
        "end": { "line": 29, "column": 1 }
      },
      "3": {
        "start": { "line": 12, "column": 6 },
        "end": { "line": 12, "column": 11 }
      },
      "4": {
        "start": { "line": 11, "column": 13 },
        "end": { "line": 12, "column": 6 }
      },
      "5": {
        "start": { "line": 14, "column": 14 },
        "end": { "line": 25, "column": null }
      },
      "6": {
        "start": { "line": 15, "column": 4 },
        "end": { "line": 24, "column": null }
      },
      "7": {
        "start": { "line": 28, "column": 2 },
        "end": { "line": 28, "column": 45 }
      },
      "8": {
        "start": { "line": 31, "column": 0 },
        "end": { "line": 31, "column": 24 }
      }
    },
    "fnMap": {
      "0": {
        "name": "(anonymous_2)",
        "decl": {
          "start": { "line": 5, "column": 32 },
          "end": { "line": 5, "column": 33 }
        },
        "loc": {
          "start": { "line": 5, "column": 42 },
          "end": { "line": 29, "column": 1 }
        }
      },
      "1": {
        "name": "(anonymous_3)",
        "decl": {
          "start": { "line": 14, "column": 14 },
          "end": { "line": 14, "column": 17 }
        },
        "loc": {
          "start": { "line": 15, "column": 4 },
          "end": { "line": 24, "column": null }
        }
      }
    },
    "branchMap": {
      "0": {
        "loc": {
          "start": { "line": 8, "column": 4 },
          "end": { "line": 8, "column": 13 }
        },
        "type": "default-arg",
        "locations": [
          {
            "start": { "line": 8, "column": 11 },
            "end": { "line": 8, "column": 13 }
          }
        ]
      },
      "1": {
        "loc": {
          "start": { "line": 9, "column": 4 },
          "end": { "line": 9, "column": 21 }
        },
        "type": "default-arg",
        "locations": [
          {
            "start": { "line": 9, "column": 12 },
            "end": { "line": 9, "column": 21 }
          }
        ]
      },
      "2": {
        "loc": {
          "start": { "line": 10, "column": 4 },
          "end": { "line": 10, "column": 14 }
        },
        "type": "default-arg",
        "locations": [
          {
            "start": { "line": 10, "column": 12 },
            "end": { "line": 10, "column": 14 }
          }
        ]
      }
    },
    "s": {
      "0": 0,
      "1": 0,
      "2": 0,
      "3": 0,
      "4": 0,
      "5": 0,
      "6": 0,
      "7": 0,
      "8": 0
    },
    "f": { "0": 0, "1": 0 },
    "b": { "0": [0], "1": [0], "2": [0] }
  },
  "/Users/sheepzhao/WorkSpace/组件库/xiaoyang-ui-plus/src/input/index.ts": {
    "path": "/Users/sheepzhao/WorkSpace/组件库/xiaoyang-ui-plus/src/input/index.ts",
    "statementMap": {
      "0": {
        "start": { "line": 1, "column": 0 },
        "end": { "line": 1, "column": 9 }
      },
      "1": {
        "start": { "line": 1, "column": 9 },
        "end": { "line": 1, "column": 25 }
      },
      "2": {
        "start": { "line": 3, "column": 0 },
        "end": { "line": 3, "column": 9 }
      },
      "3": {
        "start": { "line": 3, "column": 9 },
        "end": { "line": 3, "column": 28 }
      }
    },
    "fnMap": {
      "0": {
        "name": "(anonymous_1)",
        "decl": {
          "start": { "line": 1, "column": 9 },
          "end": { "line": 1, "column": 16 }
        },
        "loc": {
          "start": { "line": 1, "column": 9 },
          "end": { "line": 1, "column": 25 }
        }
      },
      "1": {
        "name": "(anonymous_2)",
        "decl": {
          "start": { "line": 3, "column": 9 },
          "end": { "line": 3, "column": 16 }
        },
        "loc": {
          "start": { "line": 3, "column": 9 },
          "end": { "line": 3, "column": 28 }
        }
      }
    },
    "branchMap": {},
    "s": { "0": 0, "1": 0, "2": 0, "3": 0 },
    "f": { "0": 0, "1": 0 },
    "b": {}
  },
  "/Users/sheepzhao/WorkSpace/组件库/xiaoyang-ui-plus/src/input/input.tsx": {
    "path": "/Users/sheepzhao/WorkSpace/组件库/xiaoyang-ui-plus/src/input/input.tsx",
[...]
          }
        ]
      },
      "2": {
        "loc": {
          "start": { "line": 75, "column": 4 },
          "end": { "line": 75, "column": 36 }
        },
        "type": "if",
        "locations": [
          {
            "start": { "line": 75, "column": 4 },
            "end": { "line": 75, "column": 36 }
          }
        ]
      },
      "3": {
        "loc": {
          "start": { "line": 75, "column": 8 },
          "end": { "line": 75, "column": 27 }
        },
        "type": "binary-expr",
        "locations": [
          {
            "start": { "line": 75, "column": 8 },
            "end": { "line": 75, "column": 15 }
          },
          {
            "start": { "line": 75, "column": 19 },
            "end": { "line": 75, "column": 27 }
          }
        ]
      },
      "4": {
        "loc": {
          "start": { "line": 77, "column": 4 },
          "end": { "line": 79, "column": 5 }
        },
        "type": "if",
        "locations": [
          {
            "start": { "line": 77, "column": 4 },
            "end": { "line": 79, "column": 5 }
          }
        ]
      },
      "5": {
        "loc": {
          "start": { "line": 81, "column": 4 },
          "end": { "line": 84, "column": 5 }
        },
        "type": "if",
        "locations": [
          {
            "start": { "line": 81, "column": 4 },
            "end": { "line": 84, "column": 5 }
          }
        ]
      }
    },
    "s": {
      "0": 0,
      "1": 0,
      "2": 0,
      "3": 0,
      "4": 0,
      "5": 0,
      "6": 0,
      "7": 0,
      "8": 0,
      "9": 0,
      "10": 0,
      "11": 0,
      "12": 0,
      "13": 0,
      "14": 0,
      "15": 0,
      "16": 0,
      "17": 0,
      "18": 0,
      "19": 0,
      "20": 0,
      "21": 0,
      "22": 0
    },
    "f": { "0": 0, "1": 0, "2": 0 },
    "b": { "0": [0], "1": [0, 0], "2": [0], "3": [0, 0], "4": [0], "5": [0] }
  },
  "/Users/sheepzhao/WorkSpace/组件库/xiaoyang-ui-plus/src/radio/radioGroup.tsx": {
    "path": "/Users/sheepzhao/WorkSpace/组件库/xiaoyang-ui-plus/src/radio/radioGroup.tsx",
    "statementMap": {
      "0": {
        "start": { "line": 1, "column": 0 },
        "end": { "line": 1, "column": 36 }
      },
      "1": {
        "start": { "line": 2, "column": 0 },
        "end": { "line": 2, "column": 49 }
      },
      "2": {
        "start": { "line": 3, "column": 0 },
        "end": { "line": 3, "column": 62 }
      },
      "3": {
        "start": { "line": 4, "column": 0 },
        "end": { "line": 4, "column": 22 }
      },
      "4": {
        "start": { "line": 54, "column": 40 },
        "end": { "line": 85, "column": 1 }
      },
      "5": {
        "start": { "line": 55, "column": 72 },
        "end": { "line": 55, "column": 77 }
      },
      "6": {
        "start": { "line": 55, "column": 67 },
        "end": { "line": 55, "column": 72 }
      },
      "7": {
        "start": { "line": 57, "column": 28 },
        "end": { "line": 57, "column": 71 }
      },
      "8": {
        "start": { "line": 59, "column": 14 },
        "end": { "line": 61, "column": 4 }
      },
      "9": {
        "start": { "line": 63, "column": 22 },
        "end": { "line": 67, "column": 3 }
      },
      "10": {
        "start": { "line": 64, "column": 18 },
        "end": { "line": 64, "column": 32 }
      },
      "11": {
        "start": { "line": 65, "column": 4 },
        "end": { "line": 65, "column": 20 }
      },
      "12": {
        "start": { "line": 66, "column": 4 },
        "end": { "line": 66, "column": 18 }
      },
      "13": {
        "start": { "line": 69, "column": 22 },
        "end": { "line": 78, "column": 4 }
      },
      "14": {
        "start": { "line": 70, "column": 4 },
        "end": { "line": 72, "column": 5 }
      },
      "15": {
        "start": { "line": 71, "column": 6 },
        "end": { "line": 71, "column": 18 }
      },
      "16": {
        "start": { "line": 73, "column": 4 },
        "end": { "line": 77, "column": 23 }
      },
      "17": {
        "start": { "line": 80, "column": 2 },
        "end": { "line": 84, "column": 4 }
      },
      "18": {
        "start": { "line": 87, "column": 0 },
        "end": { "line": 87, "column": 26 }
      }
    },
    "fnMap": {
      "0": {
        "name": "(anonymous_8)",
        "decl": {
          "start": { "line": 54, "column": 40 },
          "end": { "line": 54, "column": 41 }
        },
        "loc": {
          "start": { "line": 54, "column": 50 },
          "end": { "line": 85, "column": 1 }
        }
      },
      "1": {
        "name": "(anonymous_9)",
        "decl": {
          "start": { "line": 63, "column": 22 },
          "end": { "line": 63, "column": 23 }
        },
        "loc": {
          "start": { "line": 63, "column": 33 },
          "end": { "line": 67, "column": 3 }
        }
      },
      "2": {
        "name": "(anonymous_10)",
        "decl": {
          "start": { "line": 69, "column": 51 },
          "end": { "line": 69, "column": 52 }
        },
        "loc": {
          "start": { "line": 69, "column": 66 },
          "end": { "line": 78, "column": 3 }
        }
      }
    },
    "branchMap": {
      "0": {
        "loc": {
          "start": { "line": 57, "column": 37 },
          "end": { "line": 57, "column": 70 }
        },
        "type": "binary-expr",
        "locations": [
          {
            "start": { "line": 57, "column": 37 },
            "end": { "line": 57, "column": 55 }
          },
          {
            "start": { "line": 57, "column": 59 },
            "end": { "line": 57, "column": 70 }
          }
        ]
      },
      "1": {
        "loc": {
          "start": { "line": 66, "column": 4 },
          "end": { "line": 66, "column": 17 }
        },
        "type": "cond-expr",
        "locations": [
          {
            "start": { "line": 66, "column": 12 },
            "end": { "line": 66, "column": 15 }
          },
          {
            "start": { "line": 66, "column": 4 },
            "end": { "line": 66, "column": 17 }
          }
        ]
      },
      "2": {
        "loc": {
          "start": { "line": 66, "column": 4 },
          "end": { "line": 66, "column": 15 }
        },
        "type": "binary-expr",
        "locations": [
          {
            "start": { "line": 66, "column": 4 },
            "end": { "line": 66, "column": 15 }
          },
          {
            "start": { "line": 66, "column": 4 },
            "end": { "line": 66, "column": 15 }
          }
        ]
      },
      "3": {
        "loc": {
          "start": { "line": 70, "column": 4 },
          "end": { "line": 72, "column": 5 }
        },
        "type": "if",
        "locations": [
          {
            "start": { "line": 70, "column": 4 },
            "end": { "line": 72, "column": 5 }
          }
        ]
      }
    },
    "s": {
      "0": 0,
      "1": 0,
      "2": 0,
      "3": 0,
      "4": 0,
      "5": 0,
      "6": 0,
      "7": 0,
      "8": 0,
      "9": 0,
      "10": 0,
      "11": 0,
      "12": 0,
      "13": 0,
      "14": 0,
      "15": 0,
      "16": 0,
      "17": 0,
      "18": 0
    },
    "f": { "0": 0, "1": 0, "2": 0 },
    "b": { "0": [0, 0], "1": [0, 0], "2": [0, 0], "3": [0] }
  },
  "/Users/sheepzhao/WorkSpace/组件库/xiaoyang-ui-plus/src/space/index.ts": {
    "path": "/Users/sheepzhao/WorkSpace/组件库/xiaoyang-ui-plus/src/space/index.ts",
    "statementMap": {
      "0": {
        "start": { "line": 3, "column": 0 },
        "end": { "line": 3, "column": 9 }
      },
      "1": {
        "start": { "line": 3, "column": 9 },
        "end": { "line": 3, "column": 25 }
      }
    },
    "fnMap": {
      "0": {
        "name": "(anonymous_1)",
        "decl": {
          "start": { "line": 3, "column": 9 },
          "end": { "line": 3, "column": 16 }
        },
        "loc": {
          "start": { "line": 3, "column": 9 },
          "end": { "line": 3, "column": 25 }
        }
      }
    },
    "branchMap": {},
    "s": { "0": 0, "1": 0 },
    "f": { "0": 0 },
    "b": {}
  },
  "/Users/sheepzhao/WorkSpace/组件库/xiaoyang-ui-plus/src/space/space.tsx": {
    "path": "/Users/sheepzhao/WorkSpace/组件库/xiaoyang-ui-plus/src/space/space.tsx",
    "statementMap": {
      "0": {
        "start": { "line": 1, "column": 0 },
        "end": { "line": 1, "column": 36 }
      },
      "1": {
        "start": { "line": 2, "column": 0 },
        "end": { "line": 2, "column": 50 }
      },
      "2": {
        "start": { "line": 4, "column": 0 },
        "end": { "line": 4, "column": 22 }
      },
      "3": {
        "start": { "line": 22, "column": 30 },
        "end": { "line": 33, "column": 1 }
      },
      "4": {
        "start": { "line": 23, "column": 41 },
        "end": { "line": 23, "column": 46 }
      },
      "5": {
        "start": { "line": 23, "column": 36 },
        "end": { "line": 23, "column": 41 }
      },
      "6": {
        "start": { "line": 25, "column": 14 },
        "end": { "line": 27, "column": 4 }
      },
      "7": {
        "start": { "line": 28, "column": 2 },
        "end": { "line": 32, "column": 4 }
      },
      "8": {
        "start": { "line": 35, "column": 0 },
        "end": { "line": 35, "column": 21 }
      }
    },
    "fnMap": {
      "0": {
        "name": "(anonymous_2)",
        "decl": {
          "start": { "line": 22, "column": 30 },
          "end": { "line": 22, "column": 31 }
        },
        "loc": {
          "start": { "line": 22, "column": 40 },
          "end": { "line": 33, "column": 1 }
        }
      }
    },
    "branchMap": {},
    "s": {
      "0": 0,
      "1": 0,
      "2": 0,
      "3": 0,
      "4": 0,
      "5": 0,
      "6": 0,
      "7": 0,
      "8": 0
    },
    "f": { "0": 0 },
    "b": {}
  },
  "/Users/sheepzhao/WorkSpace/组件库/xiaoyang-ui-plus/src/tag/index.ts": {
    "path": "/Users/sheepzhao/WorkSpace/组件库/xiaoyang-ui-plus/src/tag/index.ts",
    "statementMap": {
      "0": {
        "start": { "line": 3, "column": 0 },
        "end": { "line": 3, "column": 9 }
      },
      "1": {
        "start": { "line": 3, "column": 9 },
        "end": { "line": 3, "column": 23 }
      }
    },
    "fnMap": {
      "0": {
        "name": "(anonymous_1)",
        "decl": {
          "start": { "line": 3, "column": 9 },
          "end": { "line": 3, "column": 16 }
        },
        "loc": {
          "start": { "line": 3, "column": 9 },
          "end": { "line": 3, "column": 23 }
        }
      }
    },
    "branchMap": {},
    "s": { "0": 0, "1": 0 },
    "f": { "0": 0 },
    "b": {}
  },
  "/Users/sheepzhao/WorkSpace/组件库/xiaoyang-ui-plus/src/tag/tag.tsx": {
    "path": "/Users/sheepzhao/WorkSpace/组件库/xiaoyang-ui-plus/src/tag/tag.tsx",
    "statementMap": {
      "0": {
        "start": { "line": 1, "column": 0 },
        "end": { "line": 1, "column": 36 }
      },
      "1": {
        "start": { "line": 2, "column": 0 },
        "end": { "line": 2, "column": 50 }
      },
      "2": {
        "start": { "line": 4, "column": 0 },
        "end": { "line": 4, "column": 22 }
      },
      "3": {
        "start": { "line": 30, "column": 26 },
        "end": { "line": 41, "column": 1 }
      },
      "4": {
        "start": { "line": 31, "column": 61 },
        "end": { "line": 31, "column": 66 }
      },
      "5": {
        "start": { "line": 31, "column": 56 },
        "end": { "line": 31, "column": 61 }
      },
      "6": {
        "start": { "line": 33, "column": 14 },
        "end": { "line": 35, "column": 4 }
      },
      "7": {
        "start": { "line": 36, "column": 2 },
        "end": { "line": 40, "column": 4 }
      },
      "8": {
        "start": { "line": 43, "column": 0 },
        "end": { "line": 43, "column": 19 }
      }
    },
    "fnMap": {
      "0": {
        "name": "(anonymous_2)",
        "decl": {
          "start": { "line": 30, "column": 26 },
          "end": { "line": 30, "column": 27 }
        },
        "loc": {
          "start": { "line": 30, "column": 36 },
          "end": { "line": 41, "column": 1 }
        }
      }
    },
    "branchMap": {},
    "s": {
      "0": 0,
      "1": 0,
      "2": 0,
      "3": 0,
      "4": 0,
      "5": 0,
      "6": 0,
      "7": 0,
      "8": 0
    },
    "f": { "0": 0 },
    "b": {}
  },
  "/Users/sheepzhao/WorkSpace/组件库/xiaoyang-ui-plus/src/theme/index.ts": {
    "path": "/Users/sheepzhao/WorkSpace/组件库/xiaoyang-ui-plus/src/theme/index.ts",
    "statementMap": {
      "0": {
        "start": { "line": 1, "column": 0 },
        "end": { "line": 1, "column": 39 }
      },
      "1": {
        "start": { "line": 2, "column": 0 },
        "end": { "line": 2, "column": 45 }
      },
      "2": {
        "start": { "line": 6, "column": 27 },
        "end": { "line": 21, "column": 1 }
      },
      "3": {
        "start": { "line": 8, "column": 2 },
        "end": { "line": 15, "column": 3 }
      },
      "4": {
        "start": { "line": 10, "column": 6 },
        "end": { "line": 10, "column": 31 }
      },
      "5": {
        "start": { "line": 11, "column": 6 },
        "end": { "line": 11, "column": 12 }
      },
      "6": {
        "start": { "line": 13, "column": 6 },
        "end": { "line": 13, "column": 28 }
      },
      "7": {
        "start": { "line": 14, "column": 6 },
        "end": { "line": 14, "column": 12 }
      },
      "8": {
        "start": { "line": 17, "column": 15 },
        "end": { "line": 19, "column": 14 }
      },
      "9": {
        "start": { "line": 18, "column": 26 },
        "end": { "line": 18, "column": 53 }
      },
      "10": {
        "start": { "line": 20, "column": 2 },
        "end": { "line": 20, "column": 55 }
      },
      "11": {
        "start": { "line": 6, "column": 13 },
        "end": { "line": 6, "column": 27 }
      }
    },
    "fnMap": {
      "0": {
        "name": "(anonymous_1)",
        "decl": {
          "start": { "line": 6, "column": 27 },
          "end": { "line": 6, "column": 28 }
        },
        "loc": {
          "start": { "line": 6, "column": 43 },
          "end": { "line": 21, "column": 1 }
        }
      },
      "1": {
        "name": "(anonymous_2)",
        "decl": {
          "start": { "line": 18, "column": 9 },
          "end": { "line": 18, "column": 10 }
        },
        "loc": {
          "start": { "line": 18, "column": 26 },
          "end": { "line": 18, "column": 53 }
        }
      }
    },
    "branchMap": {
      "0": {
        "loc": {
          "start": { "line": 8, "column": 2 },
          "end": { "line": 15, "column": 3 }
        },
        "type": "switch",
        "locations": [
          {
            "start": { "line": 9, "column": 4 },
            "end": { "line": 11, "column": 12 }
          },
          {
            "start": { "line": 12, "column": 4 },
            "end": { "line": 14, "column": 12 }
          }
        ]
      }
    },
    "s": {
      "0": 0,
      "1": 0,
      "2": 0,
      "3": 0,
      "4": 0,
      "5": 0,
      "6": 0,
      "7": 0,
      "8": 0,
      "9": 0,
      "10": 0,
      "11": 0
    },
    "f": { "0": 0, "1": 0 },
    "b": { "0": [0, 0] }
  },
  "/Users/sheepzhao/WorkSpace/组件库/xiaoyang-ui-plus/src/theme/theme.tsx": {
    "path": "/Users/sheepzhao/WorkSpace/组件库/xiaoyang-ui-plus/src/theme/theme.tsx",
    "statementMap": {
      "0": {
        "start": { "line": 3, "column": 23 },
        "end": { "line": 5, "column": 1 }
      },
      "1": {
        "start": { "line": 4, "column": 2 },
        "end": { "line": 4, "column": 14 }
      },
      "2": {
        "start": { "line": 7, "column": 0 },
        "end": { "line": 7, "column": 21 }
      }
    },
    "fnMap": {
      "0": {
        "name": "(anonymous_0)",
        "decl": {
          "start": { "line": 3, "column": 23 },
          "end": { "line": 3, "column": 24 }
        },
        "loc": {
          "start": { "line": 3, "column": 33 },
          "end": { "line": 5, "column": 1 }
        }
      }
    },
    "branchMap": {},
    "s": { "0": 0, "1": 0, "2": 0 },
    "f": { "0": 0 },
    "b": {}
  },
  "/Users/sheepzhao/WorkSpace/组件库/xiaoyang-ui-plus/src/theme/themes/dark/index.ts": {
    "path": "/Users/sheepzhao/WorkSpace/组件库/xiaoyang-ui-plus/src/theme/themes/dark/index.ts",
    "statementMap": {
      "0": {
        "start": { "line": 1, "column": 0 },
        "end": { "line": 1, "column": 50 }
      },
      "1": {
        "start": { "line": 3, "column": 19 },
        "end": { "line": 3, "column": 34 }
      },
      "2": {
        "start": { "line": 5, "column": 0 },
        "end": { "line": 5, "column": 26 }
      }
    },
    "fnMap": {},
    "branchMap": {},
    "s": { "0": 0, "1": 0, "2": 0 },
    "f": {},
    "b": {}
  },
  "/Users/sheepzhao/WorkSpace/组件库/xiaoyang-ui-plus/src/theme/themes/dark/themeVariable/button.ts": {
    "path": "/Users/sheepzhao/WorkSpace/组件库/xiaoyang-ui-plus/src/theme/themes/dark/themeVariable/button.ts",
    "statementMap": {
      "0": {
        "start": { "line": 3, "column": 13 },
        "end": { "line": 41, "column": 2 }
      }
    },
    "fnMap": {},
    "branchMap": {},
    "s": { "0": 0 },
    "f": {},
    "b": {}
  },
  "/Users/sheepzhao/WorkSpace/组件库/xiaoyang-ui-plus/src/theme/themes/dark/themeVariable/index.ts": {
    "path": "/Users/sheepzhao/WorkSpace/组件库/xiaoyang-ui-plus/src/theme/themes/dark/themeVariable/index.ts",
    "statementMap": {
      "0": {
        "start": { "line": 1, "column": 0 },
        "end": { "line": 1, "column": 9 }
      },
      "1": {
        "start": { "line": 1, "column": 9 },
        "end": { "line": 1, "column": 43 }
      }
    },
    "fnMap": {
      "0": {
        "name": "(anonymous_0)",
        "decl": {
          "start": { "line": 1, "column": 9 },
          "end": { "line": 1, "column": 24 }
        },
        "loc": {
          "start": { "line": 1, "column": 9 },
          "end": { "line": 1, "column": 43 }
        }
      }
    },
    "branchMap": {},
    "s": { "0": 0, "1": 0 },
    "f": { "0": 0 },
    "b": {}
  },
  "/Users/sheepzhao/WorkSpace/组件库/xiaoyang-ui-plus/src/theme/themes/default/index.ts": {
    "path": "/Users/sheepzhao/WorkSpace/组件库/xiaoyang-ui-plus/src/theme/themes/default/index.ts",
    "statementMap": {
      "0": {
        "start": { "line": 1, "column": 0 },
        "end": { "line": 1, "column": 53 }
      },
      "1": {
        "start": { "line": 3, "column": 22 },
        "end": { "line": 3, "column": 40 }
      },
      "2": {
        "start": { "line": 5, "column": 0 },
        "end": { "line": 5, "column": 29 }
      }
    },
    "fnMap": {},
    "branchMap": {},
    "s": { "0": 0, "1": 0, "2": 0 },
    "f": {},
    "b": {}
  },
  "/Users/sheepzhao/WorkSpace/组件库/xiaoyang-ui-plus/src/theme/themes/default/themeVariable/button.ts": {
    "path": "/Users/sheepzhao/WorkSpace/组件库/xiaoyang-ui-plus/src/theme/themes/default/themeVariable/button.ts",
    "statementMap": {
      "0": {
        "start": { "line": 3, "column": 13 },
        "end": { "line": 41, "column": 2 }
      }
    },
    "fnMap": {},
    "branchMap": {},
    "s": { "0": 0 },
    "f": {},
    "b": {}
  },
  "/Users/sheepzhao/WorkSpace/组件库/xiaoyang-ui-plus/src/theme/themes/default/themeVariable/index.ts": {
    "path": "/Users/sheepzhao/WorkSpace/组件库/xiaoyang-ui-plus/src/theme/themes/default/themeVariable/index.ts",
    "statementMap": {
      "0": {
        "start": { "line": 1, "column": 0 },
        "end": { "line": 1, "column": 9 }
      },
      "1": {
        "start": { "line": 1, "column": 9 },
        "end": { "line": 1, "column": 46 }
      }
    },
    "fnMap": {
      "0": {
        "name": "(anonymous_0)",
        "decl": {
          "start": { "line": 1, "column": 9 },
          "end": { "line": 1, "column": 27 }
        },
        "loc": {
          "start": { "line": 1, "column": 9 },
          "end": { "line": 1, "column": 46 }
        }
      }
    },
    "branchMap": {},
    "s": { "0": 0, "1": 0 },
    "f": { "0": 0 },
    "b": {}
  }
}
