TN:
SF:src/Foo/index.tsx
FN:14,(anonymous_1)
FNF:1
FNH:0
FNDA:0,(anonymous_1)
DA:1,0
DA:14,0
DA:16,0
LF:3
LH:0
BRF:0
BRH:0
end_of_record
TN:
SF:src/avatar/avatar.tsx
FN:60,(anonymous_8)
FN:77,(anonymous_9)
FN:81,(anonymous_10)
FNF:3
FNH:0
FNDA:0,(anonymous_8)
FNDA:0,(anonymous_9)
FNDA:0,(anonymous_10)
DA:1,0
DA:2,0
DA:10,0
DA:12,0
DA:60,0
DA:69,0
DA:70,0
DA:72,0
DA:74,0
DA:75,0
DA:77,0
DA:78,0
DA:79,0
DA:81,0
DA:82,0
DA:84,0
DA:86,0
DA:87,0
DA:90,0
DA:93,0
DA:96,0
DA:97,0
DA:100,0
DA:110,0
DA:119,0
DA:124,0
DA:141,0
LF:27
LH:0
BRDA:63,0,0,0
BRDA:65,1,0,0
BRDA:79,2,0,0
BRDA:84,3,0,0
BRDA:90,4,0,0
BRDA:90,4,1,0
BRDA:110,5,0,0
BRDA:110,5,1,0
BRDA:117,6,0,0
BRDA:117,6,1,0
BRDA:126,7,0,0
BRDA:126,7,1,0
BRDA:127,8,0,0
BRDA:127,8,1,0
BRDA:127,9,0,0
BRDA:127,9,1,0
BRDA:128,10,0,0
BRDA:128,10,1,0
BRDA:129,11,0,0
BRDA:129,11,1,0
BRF:20
BRH:0
end_of_record
TN:
SF:src/avatar/index.ts
FN:3,(anonymous_1)
FNF:1
FNH:0
FNDA:0,(anonymous_1)
DA:3,0
LF:1
LH:0
BRF:0
BRH:0
end_of_record
TN:
SF:src/button/button.tsx
FN:80,(anonymous_8)
FN:111,(anonymous_9)
FN:119,(anonymous_10)
FN:130,(anonymous_11)
FNF:4
FNH:0
FNDA:0,(anonymous_8)
FNDA:0,(anonymous_9)
FNDA:0,(anonymous_10)
FNDA:0,(anonymous_11)
DA:1,0
DA:2,0
DA:5,0
DA:80,0
DA:95,0
DA:96,0
DA:98,0
DA:111,0
DA:112,0
DA:113,0
DA:116,0
DA:117,0
DA:119,0
DA:120,0
DA:122,0
DA:124,0
DA:126,0
DA:130,0
DA:131,0
DA:133,0
DA:135,0
DA:139,0
DA:166,0
LF:23
LH:0
BRDA:83,0,0,0
BRDA:84,1,0,0
BRDA:85,2,0,0
BRDA:86,3,0,0
BRDA:87,4,0,0
BRDA:88,5,0,0
BRDA:120,6,0,0
BRDA:120,6,1,0
BRDA:120,6,2,0
BRDA:131,7,0,0
BRDA:131,7,1,0
BRDA:135,8,0,0
BRDA:135,8,1,0
BRDA:143,9,0,0
BRDA:143,9,1,0
BRDA:147,10,0,0
BRDA:147,10,1,0
BRDA:155,11,0,0
BRDA:155,11,1,0
BRF:19
BRH:0
end_of_record
TN:
SF:src/button/index.ts
FN:1,(anonymous_1)
FNF:1
FNH:0
FNDA:0,(anonymous_1)
DA:1,0
LF:1
LH:0
BRF:0
BRH:0
end_of_record
TN:
SF:src/checkbox/checkbox.tsx
FN:75,(anonymous_7)
FN:87,(anonymous_8)
FN:93,(anonymous_9)
FN:99,(anonymous_10)
FN:122,(anonymous_11)
FNF:5
FNH:0
FNDA:0,(anonymous_7)
FNDA:0,(anonymous_8)
FNDA:0,(anonymous_9)
FNDA:0,(anonymous_10)
FNDA:0,(anonymous_11)
DA:1,0
DA:2,0
DA:10,0
DA:12,0
DA:75,0
DA:76,0
DA:78,0
DA:80,0
DA:85,0
DA:87,0
DA:88,0
DA:89,0
DA:93,0
DA:94,0
DA:95,0
DA:99,0
DA:100,0
DA:101,0
DA:104,0
DA:105,0
DA:106,0
DA:109,0
DA:110,0
DA:111,0
DA:112,0
DA:115,0
DA:116,0
DA:117,0
DA:118,0
DA:122,0
DA:124,0
DA:130,0
DA:135,0
DA:153,0
LF:34
LH:0
BRDA:76,0,0,0
BRDA:78,1,0,0
BRDA:78,1,1,0
BRDA:88,2,0,0
BRDA:89,3,0,0
BRDA:89,3,1,0
BRDA:94,4,0,0
BRDA:94,5,0,0
BRDA:94,5,1,0
BRDA:100,6,0,0
BRDA:100,7,0,0
BRDA:100,7,1,0
BRDA:105,8,0,0
BRDA:109,9,0,0
BRDA:115,10,0,0
BRDA:127,11,0,0
BRDA:127,11,1,0
BRDA:132,12,0,0
BRDA:132,12,1,0
BRF:19
BRH:0
end_of_record
TN:
SF:src/checkbox/checkboxGroup.tsx
FN:68,(anonymous_8)
FN:75,(anonymous_9)
FN:85,(anonymous_10)
FNF:3
FNH:0
FNDA:0,(anonymous_8)
FNDA:0,(anonymous_9)
FNDA:0,(anonymous_10)
DA:1,0
DA:2,0
DA:3,0
DA:5,0
DA:68,0
DA:69,0
DA:71,0
DA:75,0
DA:76,0
DA:77,0
DA:81,0
DA:85,0
DA:86,0
DA:87,0
DA:88,0
DA:90,0
DA:91,0
DA:92,0
DA:93,0
DA:94,0
DA:95,0
DA:96,0
DA:97,0
DA:100,0
DA:103,0
DA:118,0
LF:26
LH:0
BRDA:72,0,0,0
BRDA:72,0,1,0
BRDA:72,0,2,0
BRDA:76,1,0,0
BRDA:91,2,0,0
BRDA:91,2,1,0
BRDA:91,3,0,0
BRDA:91,3,1,0
BRDA:94,4,0,0
BRDA:94,5,0,0
BRDA:94,5,1,0
BRDA:100,6,0,0
BRDA:100,6,1,0
BRDA:100,7,0,0
BRDA:100,7,1,0
BRF:15
BRH:0
end_of_record
TN:
SF:src/checkbox/context.tsx
FN:11,(anonymous_0)
FNF:1
FNH:0
FNDA:0,(anonymous_0)
DA:1,0
DA:9,0
DA:15,0
LF:3
LH:0
BRF:0
BRH:0
end_of_record
TN:
SF:src/checkbox/index.ts
FNF:0
FNH:0
DA:1,0
DA:2,0
DA:18,0
DA:19,0
DA:21,0
LF:5
LH:0
BRF:0
BRH:0
end_of_record
TN:
SF:src/grid/col.tsx
FN:32,(anonymous_2)
FNF:1
FNH:0
FNDA:0,(anonymous_2)
DA:1,0
DA:2,0
DA:4,0
DA:32,0
DA:33,0
DA:35,0
DA:39,0
DA:44,0
DA:51,0
LF:9
LH:0
BRDA:41,0,0,0
BRDA:41,0,1,0
BRF:2
BRH:0
end_of_record
TN:
SF:src/grid/index.ts
FN:1,(anonymous_1)
FN:2,(anonymous_2)
FNF:2
FNH:0
FNDA:0,(anonymous_1)
FNDA:0,(anonymous_2)
DA:1,0
DA:2,0
LF:2
LH:0
BRF:0
BRH:0
end_of_record
TN:
SF:src/grid/row.tsx
FN:22,(anonymous_2)
FNF:1
FNH:0
FNDA:0,(anonymous_2)
DA:1,0
DA:2,0
DA:4,0
DA:22,0
DA:23,0
DA:25,0
DA:29,0
DA:36,0
LF:8
LH:0
BRF:0
BRH:0
end_of_record
TN:
SF:src/icon/icon.tsx
FN:72,(anonymous_2)
FNF:1
FNH:0
FNDA:0,(anonymous_2)
DA:1,0
DA:2,0
DA:4,0
DA:72,0
DA:79,0
DA:80,0
DA:82,0
DA:88,0
DA:94,0
DA:101,0
LF:10
LH:0
BRDA:75,0,0,0
BRDA:77,1,0,0
BRDA:78,2,0,0
BRF:3
BRH:0
end_of_record
TN:
SF:src/icon/index.ts
FN:7,(anonymous_1)
FNF:1
FNH:0
FNDA:0,(anonymous_1)
DA:7,0
LF:1
LH:0
BRF:0
BRH:0
end_of_record
TN:
SF:src/icons/closeIcon.tsx
FN:5,(anonymous_2)
FN:14,(anonymous_3)
FNF:2
FNH:0
FNDA:0,(anonymous_2)
FNDA:0,(anonymous_3)
DA:1,0
DA:3,0
DA:5,0
DA:11,0
DA:12,0
DA:14,0
DA:15,0
DA:34,0
DA:37,0
LF:9
LH:0
BRDA:8,0,0,0
BRDA:9,1,0,0
BRDA:10,2,0,0
BRF:3
BRH:0
end_of_record
TN:
SF:src/icons/cloudUploadIcon.tsx
FN:5,(anonymous_2)
FN:14,(anonymous_3)
FNF:2
FNH:0
FNDA:0,(anonymous_2)
FNDA:0,(anonymous_3)
DA:1,0
DA:3,0
DA:5,0
DA:11,0
DA:12,0
DA:14,0
DA:15,0
DA:20,0
DA:23,0
LF:9
LH:0
BRDA:8,0,0,0
BRDA:9,1,0,0
BRDA:10,2,0,0
BRF:3
BRH:0
end_of_record
TN:
SF:src/icons/deleteIcon.tsx
FN:5,(anonymous_2)
FN:14,(anonymous_3)
FNF:2
FNH:0
FNDA:0,(anonymous_2)
FNDA:0,(anonymous_3)
DA:1,0
DA:3,0
DA:5,0
DA:11,0
DA:12,0
DA:14,0
DA:15,0
DA:20,0
DA:23,0
LF:9
LH:0
BRDA:8,0,0,0
BRDA:9,1,0,0
BRDA:10,2,0,0
BRF:3
BRH:0
end_of_record
TN:
SF:src/icons/homeIcon.tsx
FN:5,(anonymous_2)
FN:14,(anonymous_3)
FNF:2
FNH:0
FNDA:0,(anonymous_2)
FNDA:0,(anonymous_3)
DA:1,0
DA:3,0
DA:5,0
DA:11,0
DA:12,0
DA:14,0
DA:15,0
DA:20,0
DA:23,0
LF:9
LH:0
BRDA:8,0,0,0
BRDA:9,1,0,0
BRDA:10,2,0,0
BRF:3
BRH:0
end_of_record
TN:
SF:src/icons/index.ts
FN:1,(anonymous_1)
FN:2,(anonymous_2)
FN:3,(anonymous_3)
FN:4,(anonymous_4)
FN:5,(anonymous_5)
FN:6,(anonymous_6)
FN:7,(anonymous_7)
FNF:7
FNH:0
FNDA:0,(anonymous_1)
FNDA:0,(anonymous_2)
FNDA:0,(anonymous_3)
FNDA:0,(anonymous_4)
FNDA:0,(anonymous_5)
FNDA:0,(anonymous_6)
FNDA:0,(anonymous_7)
DA:1,0
DA:2,0
DA:3,0
DA:4,0
DA:5,0
DA:6,0
DA:7,0
LF:7
LH:0
BRF:0
BRH:0
end_of_record
TN:
SF:src/icons/keyboardVoiceIcon.tsx
FN:5,(anonymous_2)
FN:14,(anonymous_3)
FNF:2
FNH:0
FNDA:0,(anonymous_2)
FNDA:0,(anonymous_3)
DA:1,0
DA:3,0
DA:5,0
DA:11,0
DA:12,0
DA:14,0
DA:15,0
DA:28,0
DA:31,0
LF:9
LH:0
BRDA:8,0,0,0
BRDA:9,1,0,0
BRDA:10,2,0,0
BRF:3
BRH:0
end_of_record
TN:
SF:src/icons/saveIcon.tsx
FN:5,(anonymous_2)
FN:14,(anonymous_3)
FNF:2
FNH:0
FNDA:0,(anonymous_2)
FNDA:0,(anonymous_3)
DA:1,0
DA:3,0
DA:5,0
DA:11,0
DA:12,0
DA:14,0
DA:15,0
DA:19,0
DA:22,0
LF:9
LH:0
BRDA:8,0,0,0
BRDA:9,1,0,0
BRDA:10,2,0,0
BRF:3
BRH:0
end_of_record
TN:
SF:src/icons/sendIcon.tsx
FN:5,(anonymous_2)
FN:14,(anonymous_3)
FNF:2
FNH:0
FNDA:0,(anonymous_2)
FNDA:0,(anonymous_3)
DA:1,0
DA:3,0
DA:5,0
DA:11,0
DA:12,0
DA:14,0
DA:15,0
DA:28,0
DA:31,0
LF:9
LH:0
BRDA:8,0,0,0
BRDA:9,1,0,0
BRDA:10,2,0,0
BRF:3
BRH:0
end_of_record
TN:
SF:src/input/index.ts
FN:1,(anonymous_1)
FN:3,(anonymous_2)
FNF:2
FNH:0
FNDA:0,(anonymous_1)
FNDA:0,(anonymous_2)
DA:1,0
DA:3,0
LF:2
LH:0
BRF:0
BRH:0
end_of_record
TN:
SF:src/input/input.tsx
FN:58,(anonymous_8)
FN:73,(anonymous_9)
FN:92,(anonymous_10)
FNF:3
FNH:0
FNDA:0,(anonymous_8)
FNDA:0,(anonymous_9)
FNDA:0,(anonymous_10)
DA:1,0
DA:2,0
DA:4,0
DA:58,0
DA:68,0
DA:69,0
DA:71,0
DA:73,0
DA:74,0
DA:75,0
DA:79,0
DA:86,0
DA:92,0
DA:93,0
DA:94,0
DA:96,0
DA:100,0
DA:110,0
DA:111,0
DA:126,0
DA:129,0
LF:21
LH:0
BRDA:61,0,0,0
BRDA:71,1,0,0
BRDA:71,1,1,0
BRDA:71,1,2,0
BRDA:74,2,0,0
BRDA:93,3,0,0
BRDA:96,4,0,0
BRDA:96,4,1,0
BRDA:96,5,0,0
BRDA:96,5,1,0
BRDA:110,6,0,0
BRDA:110,7,0,0
BRDA:110,7,1,0
BRDA:113,8,0,0
BRDA:113,8,1,0
BRDA:115,9,0,0
BRDA:115,9,1,0
BRF:17
BRH:0
end_of_record
TN:
SF:src/input/textArea.tsx
FN:79,(anonymous_8)
FN:98,(anonymous_9)
FN:104,(anonymous_10)
FN:155,(anonymous_11)
FNF:4
FNH:0
FNDA:0,(anonymous_8)
FNDA:0,(anonymous_9)
FNDA:0,(anonymous_10)
FNDA:0,(anonymous_11)
DA:1,0
DA:2,0
DA:11,0
DA:69,0
DA:79,0
DA:89,0
DA:90,0
DA:92,0
DA:93,0
DA:95,0
DA:96,0
DA:98,0
DA:99,0
DA:100,0
DA:104,0
DA:105,0
DA:106,0
DA:107,0
DA:109,0
DA:110,0
DA:112,0
DA:113,0
DA:114,0
DA:116,0
DA:121,0
DA:123,0
DA:124,0
DA:126,0
DA:127,0
DA:128,0
DA:129,0
DA:131,0
DA:136,0
DA:141,0
DA:146,0
DA:151,0
DA:155,0
DA:156,0
DA:157,0
DA:158,0
DA:161,0
DA:165,0
DA:176,0
DA:177,0
DA:187,0
DA:197,0
LF:46
LH:0
BRDA:82,0,0,0
BRDA:86,1,0,0
BRDA:92,2,0,0
BRDA:92,2,1,0
BRDA:92,2,2,0
BRDA:99,3,0,0
BRDA:105,4,0,0
BRDA:107,5,0,0
BRDA:116,6,0,0
BRDA:116,6,1,0
BRDA:116,7,0,0
BRDA:116,7,1,0
BRDA:123,8,0,0
BRDA:131,9,0,0
BRDA:131,9,1,0
BRDA:131,10,0,0
BRDA:131,10,1,0
BRDA:156,11,0,0
BRDA:161,12,0,0
BRDA:161,12,1,0
BRDA:161,13,0,0
BRDA:161,13,1,0
BRDA:176,14,0,0
BRDA:176,15,0,0
BRDA:176,15,1,0
BRDA:190,16,0,0
BRDA:190,16,1,0
BRF:27
BRH:0
end_of_record
TN:
SF:src/radio/index.ts
FNF:0
FNH:0
DA:7,0
DA:8,0
DA:15,0
DA:16,0
DA:18,0
LF:5
LH:0
BRF:0
BRH:0
end_of_record
TN:
SF:src/radio/radio.tsx
FN:48,(anonymous_8)
FN:56,(anonymous_9)
FN:74,(anonymous_10)
FNF:3
FNH:0
FNDA:0,(anonymous_8)
FNDA:0,(anonymous_9)
FNDA:0,(anonymous_10)
DA:1,0
DA:2,0
DA:4,0
DA:48,0
DA:49,0
DA:50,0
DA:52,0
DA:54,0
DA:56,0
DA:57,0
DA:58,0
DA:62,0
DA:69,0
DA:74,0
DA:75,0
DA:77,0
DA:78,0
DA:81,0
DA:82,0
DA:83,0
DA:87,0
DA:108,0
LF:22
LH:0
BRDA:57,0,0,0
BRDA:57,1,0,0
BRDA:57,1,1,0
BRDA:75,2,0,0
BRDA:75,3,0,0
BRDA:75,3,1,0
BRDA:77,4,0,0
BRDA:81,5,0,0
BRF:8
BRH:0
end_of_record
TN:
SF:src/radio/radioGroup.tsx
FN:54,(anonymous_8)
FN:63,(anonymous_9)
FN:69,(anonymous_10)
FNF:3
FNH:0
FNDA:0,(anonymous_8)
FNDA:0,(anonymous_9)
FNDA:0,(anonymous_10)
DA:1,0
DA:2,0
DA:3,0
DA:4,0
DA:54,0
DA:55,0
DA:57,0
DA:59,0
DA:63,0
DA:64,0
DA:65,0
DA:66,0
DA:69,0
DA:70,0
DA:71,0
DA:73,0
DA:80,0
DA:87,0
LF:18
LH:0
BRDA:57,0,0,0
BRDA:57,0,1,0
BRDA:66,1,0,0
BRDA:66,1,1,0
BRDA:66,2,0,0
BRDA:66,2,1,0
BRDA:70,3,0,0
BRF:7
BRH:0
end_of_record
TN:
SF:src/space/index.ts
FN:3,(anonymous_1)
FNF:1
FNH:0
FNDA:0,(anonymous_1)
DA:3,0
LF:1
LH:0
BRF:0
BRH:0
end_of_record
TN:
SF:src/space/space.tsx
FN:22,(anonymous_2)
FNF:1
FNH:0
FNDA:0,(anonymous_2)
DA:1,0
DA:2,0
DA:4,0
DA:22,0
DA:23,0
DA:25,0
DA:28,0
DA:35,0
LF:8
LH:0
BRF:0
BRH:0
end_of_record
TN:
SF:src/switch/index.ts
FN:3,(anonymous_1)
FNF:1
FNH:1
FNDA:4,(anonymous_1)
DA:3,5
LF:1
LH:1
BRF:0
BRH:0
end_of_record
TN:
SF:src/switch/switch.tsx
FN:65,(anonymous_8)
FN:82,(anonymous_9)
FN:96,(anonymous_10)
FNF:3
FNH:3
FNDA:5,(anonymous_8)
FNDA:4,(anonymous_9)
FNDA:2,(anonymous_10)
DA:1,1
DA:2,1
DA:3,1
DA:5,1
DA:65,1
DA:77,5
DA:78,5
DA:80,5
DA:82,5
DA:83,4
DA:84,1
DA:88,5
DA:96,5
DA:97,2
DA:99,2
DA:100,1
DA:102,2
DA:105,5
DA:124,1
LF:19
LH:19
BRDA:80,0,0,5
BRDA:80,0,1,5
BRDA:80,0,2,4
BRDA:83,1,0,1
BRDA:97,2,0,0
BRDA:99,3,0,1
BRDA:102,4,0,0
BRDA:102,4,1,2
BRDA:102,5,0,2
BRDA:102,5,1,2
BRDA:115,6,0,5
BRDA:115,6,1,1
BRDA:118,7,0,2
BRDA:118,7,1,3
BRF:14
BRH:12
end_of_record
TN:
SF:src/tag/index.ts
FN:3,(anonymous_1)
FNF:1
FNH:0
FNDA:0,(anonymous_1)
DA:3,0
LF:1
LH:0
BRF:0
BRH:0
end_of_record
TN:
SF:src/tag/tag.tsx
FN:30,(anonymous_2)
FNF:1
FNH:0
FNDA:0,(anonymous_2)
DA:1,0
DA:2,0
DA:4,0
DA:30,0
DA:31,0
DA:33,0
DA:36,0
DA:43,0
LF:8
LH:0
BRF:0
BRH:0
end_of_record
TN:
SF:src/theme/index.ts
FN:6,(anonymous_1)
FN:18,(anonymous_2)
FNF:2
FNH:0
FNDA:0,(anonymous_1)
FNDA:0,(anonymous_2)
DA:1,0
DA:2,0
DA:6,0
DA:8,0
DA:10,0
DA:11,0
DA:13,0
DA:14,0
DA:17,0
DA:18,0
DA:20,0
LF:11
LH:0
BRDA:8,0,0,0
BRDA:8,0,1,0
BRF:2
BRH:0
end_of_record
TN:
SF:src/theme/theme.tsx
FN:3,(anonymous_0)
FNF:1
FNH:0
FNDA:0,(anonymous_0)
DA:3,0
DA:4,0
DA:7,0
LF:3
LH:0
BRF:0
BRH:0
end_of_record
TN:
SF:src/theme/themes/dark/index.ts
FNF:0
FNH:0
DA:1,0
DA:3,0
DA:5,0
LF:3
LH:0
BRF:0
BRH:0
end_of_record
TN:
SF:src/theme/themes/dark/themeVariable/button.ts
FNF:0
FNH:0
DA:3,0
LF:1
LH:0
BRF:0
BRH:0
end_of_record
TN:
SF:src/theme/themes/dark/themeVariable/index.ts
FN:1,(anonymous_0)
FNF:1
FNH:0
FNDA:0,(anonymous_0)
DA:1,0
LF:1
LH:0
BRF:0
BRH:0
end_of_record
TN:
SF:src/theme/themes/default/index.ts
FNF:0
FNH:0
DA:1,0
DA:3,0
DA:5,0
LF:3
LH:0
BRF:0
BRH:0
end_of_record
TN:
SF:src/theme/themes/default/themeVariable/button.ts
FNF:0
FNH:0
DA:3,0
LF:1
LH:0
BRF:0
BRH:0
end_of_record
TN:
SF:src/theme/themes/default/themeVariable/index.ts
FN:1,(anonymous_0)
FNF:1
FNH:0
FNDA:0,(anonymous_0)
DA:1,0
LF:1
LH:0
BRF:0
BRH:0
end_of_record
